Log file open, 03/23/20 10:43:21
LogWindows: Failed to load 'aqProf.dll' (GetLastError=126)
LogWindows: File 'aqProf.dll' does not exist
LogWindows: Failed to load 'VtuneApi.dll' (GetLastError=126)
LogWindows: File 'VtuneApi.dll' does not exist
LogWindows: Failed to load 'VtuneApi32e.dll' (GetLastError=126)
LogWindows: File 'VtuneApi32e.dll' does not exist
LogConsoleResponse: Display: Failed to find resolution value strings in scalability ini. Falling back to default.
LogInit: Display: Running engine for game: west
LogPlatformFile: Not using cached read wrapper
LogTaskGraph: Started task graph with 5 named threads and 20 total threads with 3 sets of task threads.
LogStats: Stats thread started at 0.051805
LogD3D11RHI: Loaded GFSDK_Aftermath_Lib.x64.dll
LogICUInternationalization: ICU TimeZone Detection - Raw Offset: -8:00, Platform Override: ''
LogPluginManager: Mounting plugin Paper2D
LogPluginManager: Mounting plugin AISupport
LogPluginManager: Mounting plugin LightPropagationVolume
LogPluginManager: Mounting plugin ActorLayerUtilities
LogPluginManager: Mounting plugin AnimationSharing
LogPluginManager: Mounting plugin CLionSourceCodeAccess
LogPluginManager: Mounting plugin CodeLiteSourceCodeAccess
LogPluginManager: Mounting plugin GitSourceControl
LogPluginManager: Mounting plugin KDevelopSourceCodeAccess
LogPluginManager: Mounting plugin NullSourceCodeAccess
LogPluginManager: Mounting plugin PerforceSourceControl
LogPluginManager: Mounting plugin PlasticSourceControl
LogPluginManager: Mounting plugin SubversionSourceControl
LogPluginManager: Mounting plugin UObjectPlugin
LogPluginManager: Mounting plugin VisualStudioCodeSourceCodeAccess
LogPluginManager: Mounting plugin VisualStudioSourceCodeAccess
LogPluginManager: Mounting plugin XCodeSourceCodeAccess
LogPluginManager: Mounting plugin AssetManagerEditor
LogPluginManager: Mounting plugin CryptoKeys
LogPluginManager: Mounting plugin CurveEditorTools
LogPluginManager: Mounting plugin DataValidation
LogPluginManager: Mounting plugin FacialAnimation
LogPluginManager: Mounting plugin GameplayTagsEditor
LogPluginManager: Mounting plugin MacGraphicsSwitching
LogPluginManager: Mounting plugin MaterialAnalyzer
LogPluginManager: Mounting plugin MobileLauncherProfileWizard
LogPluginManager: Mounting plugin PluginBrowser
LogPluginManager: Mounting plugin SpeedTreeImporter
LogPluginManager: Mounting plugin DatasmithContent
LogPluginManager: Mounting plugin VariantManagerContent
LogPluginManager: Mounting plugin AlembicImporter
LogPluginManager: Mounting plugin AutomationUtils
LogPluginManager: Mounting plugin BackChannel
LogPluginManager: Mounting plugin CharacterAI
LogPluginManager: Mounting plugin GeometryCache
LogPluginManager: Mounting plugin PlatformCrypto
LogPluginManager: Mounting plugin ProxyLODPlugin
LogPluginManager: Mounting plugin SkeletalReduction
LogPluginManager: Mounting plugin MagicLeap
LogPluginManager: Mounting plugin MagicLeapMedia
LogPluginManager: Mounting plugin MLSDK
LogPluginManager: Mounting plugin AndroidMedia
LogPluginManager: Mounting plugin AvfMedia
LogPluginManager: Mounting plugin ImgMedia
LogPluginManager: Mounting plugin MediaCompositing
LogPluginManager: Mounting plugin MediaPlayerEditor
LogPluginManager: Mounting plugin WebMMedia
LogPluginManager: Mounting plugin WmfMedia
LogPluginManager: Mounting plugin TcpMessaging
LogPluginManager: Mounting plugin UdpMessaging
LogPluginManager: Mounting plugin ActorSequence
LogPluginManager: Mounting plugin LevelSequenceEditor
LogPluginManager: Mounting plugin MatineeToLevelSequence
LogPluginManager: Mounting plugin NetcodeUnitTest
LogPluginManager: Mounting plugin NUTUnrealEngine4
LogPluginManager: Mounting plugin OnlineSubsystemGooglePlay
LogPluginManager: Mounting plugin OnlineSubsystemIOS
LogPluginManager: Mounting plugin OnlineSubsystem
LogPluginManager: Mounting plugin OnlineSubsystemNull
LogPluginManager: Mounting plugin OnlineSubsystemUtils
LogPluginManager: Mounting plugin LauncherChunkInstaller
LogPluginManager: Mounting plugin AndroidDeviceProfileSelector
LogPluginManager: Mounting plugin AndroidMoviePlayer
LogPluginManager: Mounting plugin AndroidPermission
LogPluginManager: Mounting plugin AppleImageUtils
LogPluginManager: Mounting plugin AppleMoviePlayer
LogPluginManager: Mounting plugin ArchVisCharacter
LogPluginManager: Mounting plugin AssetTags
LogPluginManager: Mounting plugin AudioCapture
LogPluginManager: Mounting plugin CableComponent
LogPluginManager: Mounting plugin CustomMeshComponent
LogPluginManager: Mounting plugin EditableMesh
LogPluginManager: Mounting plugin ExampleDeviceProfileSelector
LogPluginManager: Mounting plugin GoogleCloudMessaging
LogPluginManager: Mounting plugin IOSDeviceProfileSelector
LogPluginManager: Mounting plugin LinuxDeviceProfileSelector
LogPluginManager: Mounting plugin LocationServicesBPLibrary
LogPluginManager: Mounting plugin MobilePatchingUtils
LogPluginManager: Mounting plugin OculusVR
LogPluginManager: Mounting plugin PhysXVehicles
LogPluginManager: Mounting plugin PostSplashScreen
LogPluginManager: Mounting plugin ProceduralMeshComponent
LogPluginManager: Mounting plugin RuntimePhysXCooking
LogPluginManager: Mounting plugin SignificanceManager
LogPluginManager: Mounting plugin SteamVR
LogPluginManager: Mounting plugin WebMMoviePlayer
LogPluginManager: Mounting plugin WindowsMoviePlayer
LogPluginManager: Mounting plugin ScreenshotTools
LogInit: Using libcurl 7.55.1-DEV
LogInit:  - built for x86_64-pc-win32
LogInit:  - supports SSL with OpenSSL/1.1.1
LogInit:  - supports HTTP deflate (compression) using libz 1.2.8
LogInit:  - other features:
LogInit:      CURL_VERSION_SSL
LogInit:      CURL_VERSION_LIBZ
LogInit:      CURL_VERSION_IPV6
LogInit:      CURL_VERSION_ASYNCHDNS
LogInit:      CURL_VERSION_LARGEFILE
LogInit:      CURL_VERSION_IDN
LogInit:  CurlRequestOptions (configurable via config and command line):
LogInit:  - bVerifyPeer = true  - Libcurl will verify peer certificate
LogInit:  - bUseHttpProxy = false  - Libcurl will NOT use HTTP proxy
LogInit:  - bDontReuseConnections = false  - Libcurl will reuse connections
LogInit:  - MaxHostConnections = 16  - Libcurl will limit the number of connections to a host
LogInit:  - LocalHostAddr = Default
LogInit:  - BufferSize = 65536
LogOnline: OSS: Creating online subsystem instance for: NULL
LogInit: WinSock: version 1.1 (2.2), MaxSocks=32767, MaxUdp=65467
LogOnline: OSS: TryLoadSubsystemAndSetDefault: Loaded subsystem for module [NULL]
LogInit: Build: ++UE4+Release-4.24-CL-11590370
LogInit: Engine Version: 4.24.3-11590370+++UE4+Release-4.24
LogInit: Compatible Engine Version: 4.24.0-10570792+++UE4+Release-4.24
LogInit: Net CL: 10570792
LogInit: OS: Windows 10 (Release 1903) (), CPU: Intel(R) Core(TM) i5-9400F CPU @ 2.90GHz, GPU: NVIDIA GeForce GTX 1660 Ti
LogInit: Compiled (64-bit): Feb 24 2020 15:39:18
LogInit: Compiled with Visual C++: 19.16.27032.01
LogInit: Build Configuration: Development
LogInit: Branch Name: ++UE4+Release-4.24
LogInit: Command Line: 
LogInit: Base Directory: C:/Program Files/Epic Games/UE_4.24/Engine/Binaries/Win64/
LogInit: Installed Engine Build: 1
LogDevObjectVersion: Number of dev versions registered: 25
LogDevObjectVersion:   Dev-Blueprints (B0D832E4-1F89-4F0D-ACCF-7EB736FD4AA2): 10
LogDevObjectVersion:   Dev-Build (E1C64328-A22C-4D53-A36C-8E866417BD8C): 0
LogDevObjectVersion:   Dev-Core (375EC13C-06E4-48FB-B500-84F0262A717E): 3
LogDevObjectVersion:   Dev-Editor (E4B068ED-F494-42E9-A231-DA0B2E46BB41): 37
LogDevObjectVersion:   Dev-Framework (CFFC743F-43B0-4480-9391-14DF171D2073): 36
LogDevObjectVersion:   Dev-Mobile (B02B49B5-BB20-44E9-A304-32B752E40360): 2
LogDevObjectVersion:   Dev-Networking (A4E4105C-59A1-49B5-A7C5-40C4547EDFEE): 0
LogDevObjectVersion:   Dev-Online (39C831C9-5AE6-47DC-9A44-9C173E1C8E7C): 0
LogDevObjectVersion:   Dev-Physics (78F01B33-EBEA-4F98-B9B4-84EACCB95AA2): 2
LogDevObjectVersion:   Dev-Platform (6631380F-2D4D-43E0-8009-CF276956A95A): 0
LogDevObjectVersion:   Dev-Rendering (12F88B9F-8875-4AFC-A67C-D90C383ABD29): 36
LogDevObjectVersion:   Dev-Sequencer (7B5AE74C-D270-4C10-A958-57980B212A5A): 11
LogDevObjectVersion:   Dev-VR (D7296918-1DD6-4BDD-9DE2-64A83CC13884): 2
LogDevObjectVersion:   Dev-LoadTimes (C2A15278-BFE7-4AFE-6C17-90FF531DF755): 1
LogDevObjectVersion:   Private-Geometry (6EACA3D4-40EC-4CC1-B786-8BED09428FC5): 3
LogDevObjectVersion:   Dev-AnimPhys (29E575DD-E0A3-4627-9D10-D276232CDCEA): 17
LogDevObjectVersion:   Dev-Anim (AF43A65D-7FD3-4947-9873-3E8ED9C1BB05): 2
LogDevObjectVersion:   Dev-ReflectionCapture (6B266CEC-1EC7-4B8F-A30B-E4D90942FC07): 1
LogDevObjectVersion:   Dev-Automation (0DF73D61-A23F-47EA-B727-89E90C41499A): 1
LogDevObjectVersion:   FortniteMain (601D1886-AC64-4F84-AA16-D3DE0DEAC7D6): 31
LogDevObjectVersion:   Dev-Enterprise (9DFFBCD6-494F-0158-E221-12823C92A888): 8
LogDevObjectVersion:   Dev-Niagara (F2AED0AC-9AFE-416F-8664-AA7FFA26D6FC): 1
LogDevObjectVersion:   Dev-Destruction (174F1F0B-B4C6-45A5-B13F-2EE8D0FB917D): 9
LogDevObjectVersion:   Dev-Physics-Ext (35F94A83-E258-406C-A318-09F59610247C): 8
LogDevObjectVersion:   Dev-CineCamera (B2E18506-4273-CFC2-A54E-F4BB758BBA07): 1
LogInit: Presizing for max 25165824 objects, including 0 objects not considered by GC, pre-allocating 0 bytes for permanent pool.
LogInit: Object subsystem initialized
LogConfig: Setting CVar [[con.DebugEarlyDefault:1]]
LogConfig: Setting CVar [[r.setres:1280x720]]
[2020.03.23-17.43.21:671][  0]LogConfig: Setting CVar [[r.VSync:0]]
[2020.03.23-17.43.21:671][  0]LogConfig: Setting CVar [[r.RHICmdBypass:0]]
[2020.03.23-17.43.21:671][  0]LogConfig: Applying CVar settings from Section [/Script/Engine.RendererSettings] File [C:/Users/user5/Desktop/ewew/west/Saved/Config/Windows/Engine.ini]
[2020.03.23-17.43.21:671][  0]LogConfig: Setting CVar [[r.GPUCrashDebugging:0]]
[2020.03.23-17.43.21:671][  0]LogConfig: Applying CVar settings from Section [/Script/Engine.RendererOverrideSettings] File [C:/Users/user5/Desktop/ewew/west/Saved/Config/Windows/Engine.ini]
[2020.03.23-17.43.21:671][  0]LogConfig: Applying CVar settings from Section [/Script/Engine.StreamingSettings] File [C:/Users/user5/Desktop/ewew/west/Saved/Config/Windows/Engine.ini]
[2020.03.23-17.43.21:671][  0]LogConfig: Setting CVar [[s.MinBulkDataSizeForAsyncLoading:131072]]
[2020.03.23-17.43.21:671][  0]LogConfig: Setting CVar [[s.AsyncLoadingThreadEnabled:0]]
[2020.03.23-17.43.21:671][  0]LogConfig: Setting CVar [[s.EventDrivenLoaderEnabled:1]]
[2020.03.23-17.43.21:671][  0]LogConfig: Setting CVar [[s.WarnIfTimeLimitExceeded:0]]
[2020.03.23-17.43.21:671][  0]LogConfig: Setting CVar [[s.TimeLimitExceededMultiplier:1.5]]
[2020.03.23-17.43.21:671][  0]LogConfig: Setting CVar [[s.TimeLimitExceededMinTime:0.005]]
[2020.03.23-17.43.21:671][  0]LogConfig: Setting CVar [[s.UseBackgroundLevelStreaming:1]]
[2020.03.23-17.43.21:671][  0]LogConfig: Setting CVar [[s.PriorityAsyncLoadingExtraTime:15.0]]
[2020.03.23-17.43.21:671][  0]LogConfig: Setting CVar [[s.LevelStreamingActorsUpdateTimeLimit:5.0]]
[2020.03.23-17.43.21:671][  0]LogConfig: Setting CVar [[s.PriorityLevelStreamingActorsUpdateExtraTime:5.0]]
[2020.03.23-17.43.21:671][  0]LogConfig: Setting CVar [[s.LevelStreamingComponentsRegistrationGranularity:10]]
[2020.03.23-17.43.21:671][  0]LogConfig: Setting CVar [[s.UnregisterComponentsTimeLimit:1.0]]
[2020.03.23-17.43.21:671][  0]LogConfig: Setting CVar [[s.LevelStreamingComponentsUnregistrationGranularity:5]]
[2020.03.23-17.43.21:671][  0]LogConfig: Setting CVar [[s.FlushStreamingOnExit:1]]
[2020.03.23-17.43.21:671][  0]LogConfig: Applying CVar settings from Section [/Script/Engine.GarbageCollectionSettings] File [C:/Users/user5/Desktop/ewew/west/Saved/Config/Windows/Engine.ini]
[2020.03.23-17.43.21:671][  0]LogConfig: Setting CVar [[gc.MaxObjectsNotConsideredByGC:1]]
[2020.03.23-17.43.21:671][  0]LogConfig: Setting CVar [[gc.SizeOfPermanentObjectPool:0]]
[2020.03.23-17.43.21:671][  0]LogConfig: Setting CVar [[gc.FlushStreamingOnGC:0]]
[2020.03.23-17.43.21:671][  0]LogConfig: Setting CVar [[gc.NumRetriesBeforeForcingGC:10]]
[2020.03.23-17.43.21:671][  0]LogConfig: Setting CVar [[gc.AllowParallelGC:1]]
[2020.03.23-17.43.21:671][  0]LogConfig: Setting CVar [[gc.TimeBetweenPurgingPendingKillObjects:61.1]]
[2020.03.23-17.43.21:671][  0]LogConfig: Setting CVar [[gc.MaxObjectsInEditor:25165824]]
[2020.03.23-17.43.21:671][  0]LogConfig: Setting CVar [[gc.IncrementalBeginDestroyEnabled:1]]
[2020.03.23-17.43.21:672][  0]LogConfig: Setting CVar [[gc.CreateGCClusters:1]]
[2020.03.23-17.43.21:672][  0]LogConfig: Setting CVar [[gc.MinGCClusterSize:5]]
[2020.03.23-17.43.21:672][  0]LogConfig: Setting CVar [[gc.ActorClusteringEnabled:0]]
[2020.03.23-17.43.21:672][  0]LogConfig: Setting CVar [[gc.BlueprintClusteringEnabled:0]]
[2020.03.23-17.43.21:672][  0]LogConfig: Setting CVar [[gc.UseDisregardForGCOnDedicatedServers:0]]
[2020.03.23-17.43.21:672][  0]LogConfig: Applying CVar settings from Section [/Script/Engine.NetworkSettings] File [C:/Users/user5/Desktop/ewew/west/Saved/Config/Windows/Engine.ini]
[2020.03.23-17.43.21:672][  0]LogConfig: Applying CVar settings from Section [/Script/UnrealEd.CookerSettings] File [C:/Users/user5/Desktop/ewew/west/Saved/Config/Windows/Engine.ini]
[2020.03.23-17.43.21:673][  0]LogConfig: Applying CVar settings from Section [ViewDistanceQuality@3] File [C:/Users/user5/Desktop/ewew/west/Saved/Config/Windows/Scalability.ini]
[2020.03.23-17.43.21:674][  0]LogConfig: Setting CVar [[r.SkeletalMeshLODBias:0]]
[2020.03.23-17.43.21:674][  0]LogConfig: Setting CVar [[r.ViewDistanceScale:1.0]]
[2020.03.23-17.43.21:674][  0]LogConfig: Applying CVar settings from Section [AntiAliasingQuality@3] File [C:/Users/user5/Desktop/ewew/west/Saved/Config/Windows/Scalability.ini]
[2020.03.23-17.43.21:674][  0]LogConfig: Setting CVar [[r.PostProcessAAQuality:4]]
[2020.03.23-17.43.21:674][  0]LogConfig: Applying CVar settings from Section [ShadowQuality@3] File [C:/Users/user5/Desktop/ewew/west/Saved/Config/Windows/Scalability.ini]
[2020.03.23-17.43.21:674][  0]LogConfig: Setting CVar [[r.LightFunctionQuality:1]]
[2020.03.23-17.43.21:674][  0]LogConfig: Setting CVar [[r.ShadowQuality:5]]
[2020.03.23-17.43.21:674][  0]LogConfig: Setting CVar [[r.Shadow.CSM.MaxCascades:10]]
[2020.03.23-17.43.21:674][  0]LogConfig: Setting CVar [[r.Shadow.MaxResolution:2048]]
[2020.03.23-17.43.21:674][  0]LogConfig: Setting CVar [[r.Shadow.MaxCSMResolution:2048]]
[2020.03.23-17.43.21:674][  0]LogConfig: Setting CVar [[r.Shadow.RadiusThreshold:0.01]]
[2020.03.23-17.43.21:674][  0]LogConfig: Setting CVar [[r.Shadow.DistanceScale:1.0]]
[2020.03.23-17.43.21:674][  0]LogConfig: Setting CVar [[r.Shadow.CSM.TransitionScale:1.0]]
[2020.03.23-17.43.21:674][  0]LogConfig: Setting CVar [[r.Shadow.PreShadowResolutionFactor:1.0]]
[2020.03.23-17.43.21:674][  0]LogConfig: Setting CVar [[r.DistanceFieldShadowing:1]]
[2020.03.23-17.43.21:674][  0]LogConfig: Setting CVar [[r.DistanceFieldAO:1]]
[2020.03.23-17.43.21:674][  0]LogConfig: Setting CVar [[r.AOQuality:2]]
[2020.03.23-17.43.21:674][  0]LogConfig: Setting CVar [[r.VolumetricFog:1]]
[2020.03.23-17.43.21:674][  0]LogConfig: Setting CVar [[r.VolumetricFog.GridPixelSize:8]]
[2020.03.23-17.43.21:674][  0]LogConfig: Setting CVar [[r.VolumetricFog.GridSizeZ:128]]
[2020.03.23-17.43.21:674][  0]LogConfig: Setting CVar [[r.VolumetricFog.HistoryMissSupersampleCount:4]]
[2020.03.23-17.43.21:674][  0]LogConfig: Setting CVar [[r.LightMaxDrawDistanceScale:1]]
[2020.03.23-17.43.21:674][  0]LogConfig: Setting CVar [[r.CapsuleShadows:1]]
[2020.03.23-17.43.21:674][  0]LogConfig: Applying CVar settings from Section [PostProcessQuality@3] File [C:/Users/user5/Desktop/ewew/west/Saved/Config/Windows/Scalability.ini]
[2020.03.23-17.43.21:674][  0]LogConfig: Setting CVar [[r.MotionBlurQuality:4]]
[2020.03.23-17.43.21:674][  0]LogConfig: Setting CVar [[r.AmbientOcclusionMipLevelFactor:0.4]]
[2020.03.23-17.43.21:674][  0]LogConfig: Setting CVar [[r.AmbientOcclusionMaxQuality:100]]
[2020.03.23-17.43.21:674][  0]LogConfig: Setting CVar [[r.AmbientOcclusionLevels:-1]]
[2020.03.23-17.43.21:674][  0]LogConfig: Setting CVar [[r.AmbientOcclusionRadiusScale:1.0]]
[2020.03.23-17.43.21:674][  0]LogConfig: Setting CVar [[r.DepthOfFieldQuality:2]]
[2020.03.23-17.43.21:674][  0]LogConfig: Setting CVar [[r.RenderTargetPoolMin:400]]
[2020.03.23-17.43.21:674][  0]LogConfig: Setting CVar [[r.LensFlareQuality:2]]
[2020.03.23-17.43.21:674][  0]LogConfig: Setting CVar [[r.SceneColorFringeQuality:1]]
[2020.03.23-17.43.21:674][  0]LogConfig: Setting CVar [[r.EyeAdaptationQuality:2]]
[2020.03.23-17.43.21:674][  0]LogConfig: Setting CVar [[r.BloomQuality:5]]
[2020.03.23-17.43.21:674][  0]LogConfig: Setting CVar [[r.FastBlurThreshold:100]]
[2020.03.23-17.43.21:674][  0]LogConfig: Setting CVar [[r.Upscale.Quality:3]]
[2020.03.23-17.43.21:674][  0]LogConfig: Setting CVar [[r.Tonemapper.GrainQuantization:1]]
[2020.03.23-17.43.21:674][  0]LogConfig: Setting CVar [[r.LightShaftQuality:1]]
[2020.03.23-17.43.21:674][  0]LogConfig: Setting CVar [[r.Filter.SizeScale:1]]
[2020.03.23-17.43.21:674][  0]LogConfig: Setting CVar [[r.Tonemapper.Quality:5]]
[2020.03.23-17.43.21:674][  0]LogConfig: Setting CVar [[r.DOF.Gather.AccumulatorQuality:1        ; higher gathering accumulator quality]]
[2020.03.23-17.43.21:674][  0]LogConfig: Setting CVar [[r.DOF.Gather.PostfilterMethod:1          ; Median3x3 postfilering method]]
[2020.03.23-17.43.21:674][  0]LogConfig: Setting CVar [[r.DOF.Gather.EnableBokehSettings:0       ; no bokeh simulation when gathering]]
[2020.03.23-17.43.21:674][  0]LogConfig: Setting CVar [[r.DOF.Gather.RingCount:4                 ; medium number of samples when gathering]]
[2020.03.23-17.43.21:674][  0]LogConfig: Setting CVar [[r.DOF.Scatter.ForegroundCompositing:1    ; additive foreground scattering]]
[2020.03.23-17.43.21:674][  0]LogConfig: Setting CVar [[r.DOF.Scatter.BackgroundCompositing:2    ; additive background scattering]]
[2020.03.23-17.43.21:674][  0]LogConfig: Setting CVar [[r.DOF.Scatter.EnableBokehSettings:1      ; bokeh simulation when scattering]]
[2020.03.23-17.43.21:674][  0]LogConfig: Setting CVar [[r.DOF.Scatter.MaxSpriteRatio:0.1         ; only a maximum of 10% of scattered bokeh]]
[2020.03.23-17.43.21:674][  0]LogConfig: Setting CVar [[r.DOF.Recombine.Quality:1                ; cheap slight out of focus]]
[2020.03.23-17.43.21:674][  0]LogConfig: Setting CVar [[r.DOF.Recombine.EnableBokehSettings:0    ; no bokeh simulation on slight out of focus]]
[2020.03.23-17.43.21:674][  0]LogConfig: Setting CVar [[r.DOF.TemporalAAQuality:1                ; more stable temporal accumulation]]
[2020.03.23-17.43.21:674][  0]LogConfig: Setting CVar [[r.DOF.Kernel.MaxForegroundRadius:0.025]]
[2020.03.23-17.43.21:674][  0]LogConfig: Setting CVar [[r.DOF.Kernel.MaxBackgroundRadius:0.025]]
[2020.03.23-17.43.21:674][  0]LogConfig: Applying CVar settings from Section [TextureQuality@3] File [C:/Users/user5/Desktop/ewew/west/Saved/Config/Windows/Scalability.ini]
[2020.03.23-17.43.21:674][  0]LogConfig: Setting CVar [[r.Streaming.MipBias:0]]
[2020.03.23-17.43.21:674][  0]LogConfig: Setting CVar [[r.Streaming.AmortizeCPUToGPUCopy:0]]
[2020.03.23-17.43.21:674][  0]LogConfig: Setting CVar [[r.Streaming.MaxNumTexturesToStreamPerFrame:0]]
[2020.03.23-17.43.21:674][  0]LogConfig: Setting CVar [[r.Streaming.Boost:1]]
[2020.03.23-17.43.21:674][  0]LogConfig: Setting CVar [[r.MaxAnisotropy:8]]
[2020.03.23-17.43.21:674][  0]LogConfig: Setting CVar [[r.VT.MaxAnisotropy:8]]
[2020.03.23-17.43.21:674][  0]LogConfig: Setting CVar [[r.Streaming.LimitPoolSizeToVRAM:0]]
[2020.03.23-17.43.21:674][  0]LogConfig: Setting CVar [[r.Streaming.PoolSize:1000]]
[2020.03.23-17.43.21:674][  0]LogConfig: Setting CVar [[r.Streaming.MaxEffectiveScreenSize:0]]
[2020.03.23-17.43.21:674][  0]LogConfig: Applying CVar settings from Section [EffectsQuality@3] File [C:/Users/user5/Desktop/ewew/west/Saved/Config/Windows/Scalability.ini]
[2020.03.23-17.43.21:674][  0]LogConfig: Setting CVar [[r.TranslucencyLightingVolumeDim:64]]
[2020.03.23-17.43.21:674][  0]LogConfig: Setting CVar [[r.RefractionQuality:2]]
[2020.03.23-17.43.21:674][  0]LogConfig: Setting CVar [[r.SSR.Quality:3]]
[2020.03.23-17.43.21:674][  0]LogConfig: Setting CVar [[r.SSR.HalfResSceneColor:0]]
[2020.03.23-17.43.21:674][  0]LogConfig: Setting CVar [[r.SceneColorFormat:4]]
[2020.03.23-17.43.21:674][  0]LogConfig: Setting CVar [[r.DetailMode:2]]
[2020.03.23-17.43.21:674][  0]LogConfig: Setting CVar [[r.TranslucencyVolumeBlur:1]]
[2020.03.23-17.43.21:674][  0]LogConfig: Setting CVar [[r.MaterialQualityLevel:1 ; High quality]]
[2020.03.23-17.43.21:674][  0]LogConfig: Setting CVar [[r.SSS.Scale:1]]
[2020.03.23-17.43.21:674][  0]LogConfig: Setting CVar [[r.SSS.SampleSet:2]]
[2020.03.23-17.43.21:674][  0]LogConfig: Setting CVar [[r.SSS.Quality:1]]
[2020.03.23-17.43.21:674][  0]LogConfig: Setting CVar [[r.SSS.HalfRes:1]]
[2020.03.23-17.43.21:674][  0]LogConfig: Setting CVar [[r.SSGI.Quality:3]]
[2020.03.23-17.43.21:674][  0]LogConfig: Setting CVar [[r.EmitterSpawnRateScale:1.0]]
[2020.03.23-17.43.21:674][  0]LogConfig: Setting CVar [[r.ParticleLightQuality:2]]
[2020.03.23-17.43.21:674][  0]LogConfig: Setting CVar [[r.SkyAtmosphere.AerialPerspectiveLUT.FastApplyOnOpaque:1 ; Always have FastSkyLUT 1 in this case to avoid wrong sky]]
[2020.03.23-17.43.21:674][  0]LogConfig: Setting CVar [[r.SkyAtmosphere.AerialPerspectiveLUT.SampleCountPerSlice:1]]
[2020.03.23-17.43.21:674][  0]LogConfig: Setting CVar [[r.SkyAtmosphere.AerialPerspectiveLUT.DepthResolution:16.0]]
[2020.03.23-17.43.21:674][  0]LogConfig: Setting CVar [[r.SkyAtmosphere.FastSkyLUT:1]]
[2020.03.23-17.43.21:674][  0]LogConfig: Setting CVar [[r.SkyAtmosphere.FastSkyLUT.SampleCountMin:4.0]]
[2020.03.23-17.43.21:675][  0]LogConfig: Setting CVar [[r.SkyAtmosphere.FastSkyLUT.SampleCountMax:32.0]]
[2020.03.23-17.43.21:675][  0]LogConfig: Setting CVar [[r.SkyAtmosphere.SampleCountMin:4.0]]
[2020.03.23-17.43.21:675][  0]LogConfig: Setting CVar [[r.SkyAtmosphere.SampleCountMax:32.0]]
[2020.03.23-17.43.21:675][  0]LogConfig: Setting CVar [[r.SkyAtmosphere.TransmittanceLUT.UseSmallFormat:0]]
[2020.03.23-17.43.21:675][  0]LogConfig: Setting CVar [[r.SkyAtmosphere.TransmittanceLUT.SampleCount:10.0]]
[2020.03.23-17.43.21:675][  0]LogConfig: Setting CVar [[r.SkyAtmosphere.MultiScatteringLUT.SampleCount:15.0]]
[2020.03.23-17.43.21:675][  0]LogConfig: Applying CVar settings from Section [FoliageQuality@3] File [C:/Users/user5/Desktop/ewew/west/Saved/Config/Windows/Scalability.ini]
[2020.03.23-17.43.21:675][  0]LogConfig: Setting CVar [[foliage.DensityScale:1.0]]
[2020.03.23-17.43.21:675][  0]LogConfig: Setting CVar [[grass.DensityScale:1.0]]
[2020.03.23-17.43.21:675][  0]LogConfig: Applying CVar settings from Section [ShadingQuality@3] File [C:/Users/user5/Desktop/ewew/west/Saved/Config/Windows/Scalability.ini]
[2020.03.23-17.43.21:675][  0]LogConfig: Setting CVar [[r.HairStrands.SkyLighting.SampleCount:16]]
[2020.03.23-17.43.21:675][  0]LogConfig: Setting CVar [[r.HairStrands.SkyLighting.JitterIntegration:0]]
[2020.03.23-17.43.21:675][  0]LogConfig: Setting CVar [[r.HairStrands.SkyAO.SampleCount:16]]
[2020.03.23-17.43.21:675][  0]LogInit: Selected Device Profile: [Windows]
[2020.03.23-17.43.21:675][  0]LogInit: Applying CVar settings loaded from the selected device profile: [Windows]
[2020.03.23-17.43.21:677][  0]LogHAL: Display: Platform has ~ 16 GB [17108369408 / 17179869184 / 16], which maps to Larger [LargestMinGB=32, LargerMinGB=12, DefaultMinGB=8, SmallerMinGB=6, SmallestMinGB=0)
[2020.03.23-17.43.21:677][  0]LogInit: Going up to parent DeviceProfile []
[2020.03.23-17.43.21:677][  0]LogConfig: Applying CVar settings from Section [ViewDistanceQuality@3] File [C:/Users/user5/Desktop/ewew/west/Saved/Config/Windows/Scalability.ini]
[2020.03.23-17.43.21:677][  0]LogConfig: Setting CVar [[r.SkeletalMeshLODBias:0]]
[2020.03.23-17.43.21:677][  0]LogConfig: Setting CVar [[r.ViewDistanceScale:1.0]]
[2020.03.23-17.43.21:677][  0]LogConfig: Applying CVar settings from Section [AntiAliasingQuality@3] File [C:/Users/user5/Desktop/ewew/west/Saved/Config/Windows/Scalability.ini]
[2020.03.23-17.43.21:677][  0]LogConfig: Setting CVar [[r.PostProcessAAQuality:4]]
[2020.03.23-17.43.21:677][  0]LogConfig: Applying CVar settings from Section [ShadowQuality@3] File [C:/Users/user5/Desktop/ewew/west/Saved/Config/Windows/Scalability.ini]
[2020.03.23-17.43.21:677][  0]LogConfig: Setting CVar [[r.LightFunctionQuality:1]]
[2020.03.23-17.43.21:677][  0]LogConfig: Setting CVar [[r.ShadowQuality:5]]
[2020.03.23-17.43.21:677][  0]LogConfig: Setting CVar [[r.Shadow.CSM.MaxCascades:10]]
[2020.03.23-17.43.21:677][  0]LogConfig: Setting CVar [[r.Shadow.MaxResolution:2048]]
[2020.03.23-17.43.21:677][  0]LogConfig: Setting CVar [[r.Shadow.MaxCSMResolution:2048]]
[2020.03.23-17.43.21:677][  0]LogConfig: Setting CVar [[r.Shadow.RadiusThreshold:0.01]]
[2020.03.23-17.43.21:677][  0]LogConfig: Setting CVar [[r.Shadow.DistanceScale:1.0]]
[2020.03.23-17.43.21:677][  0]LogConfig: Setting CVar [[r.Shadow.CSM.TransitionScale:1.0]]
[2020.03.23-17.43.21:677][  0]LogConfig: Setting CVar [[r.Shadow.PreShadowResolutionFactor:1.0]]
[2020.03.23-17.43.21:677][  0]LogConfig: Setting CVar [[r.DistanceFieldShadowing:1]]
[2020.03.23-17.43.21:677][  0]LogConfig: Setting CVar [[r.DistanceFieldAO:1]]
[2020.03.23-17.43.21:677][  0]LogConfig: Setting CVar [[r.AOQuality:2]]
[2020.03.23-17.43.21:677][  0]LogConfig: Setting CVar [[r.VolumetricFog:1]]
[2020.03.23-17.43.21:677][  0]LogConfig: Setting CVar [[r.VolumetricFog.GridPixelSize:8]]
[2020.03.23-17.43.21:677][  0]LogConfig: Setting CVar [[r.VolumetricFog.GridSizeZ:128]]
[2020.03.23-17.43.21:677][  0]LogConfig: Setting CVar [[r.VolumetricFog.HistoryMissSupersampleCount:4]]
[2020.03.23-17.43.21:677][  0]LogConfig: Setting CVar [[r.LightMaxDrawDistanceScale:1]]
[2020.03.23-17.43.21:677][  0]LogConfig: Setting CVar [[r.CapsuleShadows:1]]
[2020.03.23-17.43.21:677][  0]LogConfig: Applying CVar settings from Section [PostProcessQuality@3] File [C:/Users/user5/Desktop/ewew/west/Saved/Config/Windows/Scalability.ini]
[2020.03.23-17.43.21:677][  0]LogConfig: Setting CVar [[r.MotionBlurQuality:4]]
[2020.03.23-17.43.21:677][  0]LogConfig: Setting CVar [[r.AmbientOcclusionMipLevelFactor:0.4]]
[2020.03.23-17.43.21:677][  0]LogConfig: Setting CVar [[r.AmbientOcclusionMaxQuality:100]]
[2020.03.23-17.43.21:677][  0]LogConfig: Setting CVar [[r.AmbientOcclusionLevels:-1]]
[2020.03.23-17.43.21:677][  0]LogConfig: Setting CVar [[r.AmbientOcclusionRadiusScale:1.0]]
[2020.03.23-17.43.21:677][  0]LogConfig: Setting CVar [[r.DepthOfFieldQuality:2]]
[2020.03.23-17.43.21:677][  0]LogConfig: Setting CVar [[r.RenderTargetPoolMin:400]]
[2020.03.23-17.43.21:677][  0]LogConfig: Setting CVar [[r.LensFlareQuality:2]]
[2020.03.23-17.43.21:677][  0]LogConfig: Setting CVar [[r.SceneColorFringeQuality:1]]
[2020.03.23-17.43.21:677][  0]LogConfig: Setting CVar [[r.EyeAdaptationQuality:2]]
[2020.03.23-17.43.21:677][  0]LogConfig: Setting CVar [[r.BloomQuality:5]]
[2020.03.23-17.43.21:677][  0]LogConfig: Setting CVar [[r.FastBlurThreshold:100]]
[2020.03.23-17.43.21:677][  0]LogConfig: Setting CVar [[r.Upscale.Quality:3]]
[2020.03.23-17.43.21:677][  0]LogConfig: Setting CVar [[r.Tonemapper.GrainQuantization:1]]
[2020.03.23-17.43.21:677][  0]LogConfig: Setting CVar [[r.LightShaftQuality:1]]
[2020.03.23-17.43.21:677][  0]LogConfig: Setting CVar [[r.Filter.SizeScale:1]]
[2020.03.23-17.43.21:677][  0]LogConfig: Setting CVar [[r.Tonemapper.Quality:5]]
[2020.03.23-17.43.21:677][  0]LogConfig: Setting CVar [[r.DOF.Gather.AccumulatorQuality:1        ; higher gathering accumulator quality]]
[2020.03.23-17.43.21:677][  0]LogConfig: Setting CVar [[r.DOF.Gather.PostfilterMethod:1          ; Median3x3 postfilering method]]
[2020.03.23-17.43.21:677][  0]LogConfig: Setting CVar [[r.DOF.Gather.EnableBokehSettings:0       ; no bokeh simulation when gathering]]
[2020.03.23-17.43.21:677][  0]LogConfig: Setting CVar [[r.DOF.Gather.RingCount:4                 ; medium number of samples when gathering]]
[2020.03.23-17.43.21:677][  0]LogConfig: Setting CVar [[r.DOF.Scatter.ForegroundCompositing:1    ; additive foreground scattering]]
[2020.03.23-17.43.21:677][  0]LogConfig: Setting CVar [[r.DOF.Scatter.BackgroundCompositing:2    ; additive background scattering]]
[2020.03.23-17.43.21:677][  0]LogConfig: Setting CVar [[r.DOF.Scatter.EnableBokehSettings:1      ; bokeh simulation when scattering]]
[2020.03.23-17.43.21:677][  0]LogConfig: Setting CVar [[r.DOF.Scatter.MaxSpriteRatio:0.1         ; only a maximum of 10% of scattered bokeh]]
[2020.03.23-17.43.21:677][  0]LogConfig: Setting CVar [[r.DOF.Recombine.Quality:1                ; cheap slight out of focus]]
[2020.03.23-17.43.21:677][  0]LogConfig: Setting CVar [[r.DOF.Recombine.EnableBokehSettings:0    ; no bokeh simulation on slight out of focus]]
[2020.03.23-17.43.21:677][  0]LogConfig: Setting CVar [[r.DOF.TemporalAAQuality:1                ; more stable temporal accumulation]]
[2020.03.23-17.43.21:677][  0]LogConfig: Setting CVar [[r.DOF.Kernel.MaxForegroundRadius:0.025]]
[2020.03.23-17.43.21:677][  0]LogConfig: Setting CVar [[r.DOF.Kernel.MaxBackgroundRadius:0.025]]
[2020.03.23-17.43.21:677][  0]LogConfig: Applying CVar settings from Section [TextureQuality@3] File [C:/Users/user5/Desktop/ewew/west/Saved/Config/Windows/Scalability.ini]
[2020.03.23-17.43.21:677][  0]LogConfig: Setting CVar [[r.Streaming.MipBias:0]]
[2020.03.23-17.43.21:677][  0]LogConfig: Setting CVar [[r.Streaming.AmortizeCPUToGPUCopy:0]]
[2020.03.23-17.43.21:677][  0]LogConfig: Setting CVar [[r.Streaming.MaxNumTexturesToStreamPerFrame:0]]
[2020.03.23-17.43.21:677][  0]LogConfig: Setting CVar [[r.Streaming.Boost:1]]
[2020.03.23-17.43.21:678][  0]LogConfig: Setting CVar [[r.MaxAnisotropy:8]]
[2020.03.23-17.43.21:678][  0]LogConfig: Setting CVar [[r.VT.MaxAnisotropy:8]]
[2020.03.23-17.43.21:678][  0]LogConfig: Setting CVar [[r.Streaming.LimitPoolSizeToVRAM:0]]
[2020.03.23-17.43.21:678][  0]LogConfig: Setting CVar [[r.Streaming.PoolSize:1000]]
[2020.03.23-17.43.21:678][  0]LogConfig: Setting CVar [[r.Streaming.MaxEffectiveScreenSize:0]]
[2020.03.23-17.43.21:678][  0]LogConfig: Applying CVar settings from Section [EffectsQuality@3] File [C:/Users/user5/Desktop/ewew/west/Saved/Config/Windows/Scalability.ini]
[2020.03.23-17.43.21:678][  0]LogConfig: Setting CVar [[r.TranslucencyLightingVolumeDim:64]]
[2020.03.23-17.43.21:678][  0]LogConfig: Setting CVar [[r.RefractionQuality:2]]
[2020.03.23-17.43.21:678][  0]LogConfig: Setting CVar [[r.SSR.Quality:3]]
[2020.03.23-17.43.21:678][  0]LogConfig: Setting CVar [[r.SSR.HalfResSceneColor:0]]
[2020.03.23-17.43.21:678][  0]LogConfig: Setting CVar [[r.SceneColorFormat:4]]
[2020.03.23-17.43.21:678][  0]LogConfig: Setting CVar [[r.DetailMode:2]]
[2020.03.23-17.43.21:678][  0]LogConfig: Setting CVar [[r.TranslucencyVolumeBlur:1]]
[2020.03.23-17.43.21:678][  0]LogConfig: Setting CVar [[r.MaterialQualityLevel:1 ; High quality]]
[2020.03.23-17.43.21:678][  0]LogConfig: Setting CVar [[r.SSS.Scale:1]]
[2020.03.23-17.43.21:678][  0]LogConfig: Setting CVar [[r.SSS.SampleSet:2]]
[2020.03.23-17.43.21:678][  0]LogConfig: Setting CVar [[r.SSS.Quality:1]]
[2020.03.23-17.43.21:678][  0]LogConfig: Setting CVar [[r.SSS.HalfRes:1]]
[2020.03.23-17.43.21:678][  0]LogConfig: Setting CVar [[r.SSGI.Quality:3]]
[2020.03.23-17.43.21:678][  0]LogConfig: Setting CVar [[r.EmitterSpawnRateScale:1.0]]
[2020.03.23-17.43.21:678][  0]LogConfig: Setting CVar [[r.ParticleLightQuality:2]]
[2020.03.23-17.43.21:678][  0]LogConfig: Setting CVar [[r.SkyAtmosphere.AerialPerspectiveLUT.FastApplyOnOpaque:1 ; Always have FastSkyLUT 1 in this case to avoid wrong sky]]
[2020.03.23-17.43.21:678][  0]LogConfig: Setting CVar [[r.SkyAtmosphere.AerialPerspectiveLUT.SampleCountPerSlice:1]]
[2020.03.23-17.43.21:678][  0]LogConfig: Setting CVar [[r.SkyAtmosphere.AerialPerspectiveLUT.DepthResolution:16.0]]
[2020.03.23-17.43.21:678][  0]LogConfig: Setting CVar [[r.SkyAtmosphere.FastSkyLUT:1]]
[2020.03.23-17.43.21:678][  0]LogConfig: Setting CVar [[r.SkyAtmosphere.FastSkyLUT.SampleCountMin:4.0]]
[2020.03.23-17.43.21:678][  0]LogConfig: Setting CVar [[r.SkyAtmosphere.FastSkyLUT.SampleCountMax:32.0]]
[2020.03.23-17.43.21:678][  0]LogConfig: Setting CVar [[r.SkyAtmosphere.SampleCountMin:4.0]]
[2020.03.23-17.43.21:678][  0]LogConfig: Setting CVar [[r.SkyAtmosphere.SampleCountMax:32.0]]
[2020.03.23-17.43.21:678][  0]LogConfig: Setting CVar [[r.SkyAtmosphere.TransmittanceLUT.UseSmallFormat:0]]
[2020.03.23-17.43.21:678][  0]LogConfig: Setting CVar [[r.SkyAtmosphere.TransmittanceLUT.SampleCount:10.0]]
[2020.03.23-17.43.21:678][  0]LogConfig: Setting CVar [[r.SkyAtmosphere.MultiScatteringLUT.SampleCount:15.0]]
[2020.03.23-17.43.21:678][  0]LogConfig: Applying CVar settings from Section [FoliageQuality@3] File [C:/Users/user5/Desktop/ewew/west/Saved/Config/Windows/Scalability.ini]
[2020.03.23-17.43.21:678][  0]LogConfig: Setting CVar [[foliage.DensityScale:1.0]]
[2020.03.23-17.43.21:678][  0]LogConfig: Setting CVar [[grass.DensityScale:1.0]]
[2020.03.23-17.43.21:678][  0]LogConfig: Applying CVar settings from Section [ShadingQuality@3] File [C:/Users/user5/Desktop/ewew/west/Saved/Config/Windows/Scalability.ini]
[2020.03.23-17.43.21:678][  0]LogConfig: Setting CVar [[r.HairStrands.SkyLighting.SampleCount:16]]
[2020.03.23-17.43.21:678][  0]LogConfig: Setting CVar [[r.HairStrands.SkyLighting.JitterIntegration:0]]
[2020.03.23-17.43.21:678][  0]LogConfig: Setting CVar [[r.HairStrands.SkyAO.SampleCount:16]]
[2020.03.23-17.43.21:678][  0]LogConfig: Applying CVar settings from Section [Startup] File [../../../Engine/Config/ConsoleVariables.ini]
[2020.03.23-17.43.21:678][  0]LogConfig: Setting CVar [[net.UseAdaptiveNetUpdateFrequency:0]]
[2020.03.23-17.43.21:678][  0]LogConfig: Setting CVar [[p.chaos.AllowCreatePhysxBodies:1]]
[2020.03.23-17.43.21:678][  0]LogConfig: Applying CVar settings from Section [ConsoleVariables] File [C:/Users/user5/Desktop/ewew/west/Saved/Config/Windows/Engine.ini]
[2020.03.23-17.43.21:678][  0]LogInit: Computer: DESKTOP-F9I9C5C
[2020.03.23-17.43.21:678][  0]LogInit: User: user5
[2020.03.23-17.43.21:678][  0]LogInit: CPU Page size=4096, Cores=6
[2020.03.23-17.43.21:678][  0]LogInit: High frequency timer resolution =10.000000 MHz
[2020.03.23-17.43.21:678][  0]LogMemory: Memory total: Physical=15.9GB (16GB approx)
[2020.03.23-17.43.21:678][  0]LogMemory: Platform Memory Stats for Windows
[2020.03.23-17.43.21:678][  0]LogMemory: Process Physical Memory: 104.63 MB used, 104.64 MB peak
[2020.03.23-17.43.21:678][  0]LogMemory: Process Virtual Memory: 100.31 MB used, 100.31 MB peak
[2020.03.23-17.43.21:678][  0]LogMemory: Physical Memory: 3051.41 MB used,  13264.40 MB free, 16315.81 MB total
[2020.03.23-17.43.21:678][  0]LogMemory: Virtual Memory: 5131.57 MB used,  134212600.00 MB free, 134217728.00 MB total
[2020.03.23-17.43.21:680][  0]LogWindows: WindowsPlatformFeatures enabled
[2020.03.23-17.43.21:690][  0]LogInit: Using OS detected language (en-US).
[2020.03.23-17.43.21:690][  0]LogInit: Using OS detected locale (en-US).
[2020.03.23-17.43.21:690][  0]LogTextLocalizationManager: No specific localization for 'en-US' exists, so the 'en' localization will be used.
[2020.03.23-17.43.21:813][  0]LogInit: Setting process to per monitor DPI aware
[2020.03.23-17.43.21:833][  0]LogSlate: New Slate User Created.  User Index 0, Is Virtual User: 0
[2020.03.23-17.43.21:833][  0]LogSlate: Slate User Registered.  User Index 0, Is Virtual User: 0
[2020.03.23-17.43.21:922][  0]LogHMD: Failed to initialize OpenVR with code 110
[2020.03.23-17.43.21:922][  0]LogD3D11RHI: D3D11 min allowed feature level: 11_0
[2020.03.23-17.43.21:922][  0]LogD3D11RHI: D3D11 max allowed feature level: 11_0
[2020.03.23-17.43.21:922][  0]LogD3D11RHI: D3D11 adapters:
[2020.03.23-17.43.21:988][  0]LogD3D11RHI:    0. 'NVIDIA GeForce GTX 1660 Ti' (Feature Level 11_0)
[2020.03.23-17.43.21:988][  0]LogD3D11RHI:       5991/0/8157 MB DedicatedVideo/DedicatedSystem/SharedSystem, Outputs:1, VendorId:0x10de
[2020.03.23-17.43.21:991][  0]LogD3D11RHI:    1. 'Microsoft Basic Render Driver' (Feature Level 11_0)
[2020.03.23-17.43.21:991][  0]LogD3D11RHI:       0/0/8157 MB DedicatedVideo/DedicatedSystem/SharedSystem, Outputs:0, VendorId:0x1414
[2020.03.23-17.43.21:991][  0]LogD3D11RHI: Chosen D3D11 Adapter: 0
[2020.03.23-17.43.21:996][  0]LogD3D11RHI: Creating new Direct3DDevice
[2020.03.23-17.43.21:996][  0]LogD3D11RHI:     GPU DeviceId: 0x2182 (for the marketing name, search the web for "GPU Device Id")
[2020.03.23-17.43.21:996][  0]LogWindows: EnumDisplayDevices:
[2020.03.23-17.43.21:996][  0]LogWindows:    0. 'NVIDIA GeForce GTX 1660 Ti' (P:1 D:1)
[2020.03.23-17.43.21:996][  0]LogWindows:    1. 'NVIDIA GeForce GTX 1660 Ti' (P:0 D:0)
[2020.03.23-17.43.21:997][  0]LogWindows:    2. 'NVIDIA GeForce GTX 1660 Ti' (P:0 D:0)
[2020.03.23-17.43.21:997][  0]LogWindows:    3. 'NVIDIA GeForce GTX 1660 Ti' (P:0 D:0)
[2020.03.23-17.43.21:997][  0]LogWindows: DebugString: FoundDriverCount:4 
[2020.03.23-17.43.21:997][  0]LogD3D11RHI:     Adapter Name: NVIDIA GeForce GTX 1660 Ti
[2020.03.23-17.43.21:997][  0]LogD3D11RHI:   Driver Version: 432.00 (internal:26.21.14.3200, unified:432.00)
[2020.03.23-17.43.21:997][  0]LogD3D11RHI:      Driver Date: 7-24-2019
[2020.03.23-17.43.21:997][  0]LogRHI: Texture pool is 4193 MB (70% of 5991 MB)
[2020.03.23-17.43.22:036][  0]LogD3D11RHI: RHI has support for 64 bit atomics
[2020.03.23-17.43.22:036][  0]LogD3D11RHI: Async texture creation enabled
[2020.03.23-17.43.22:092][  0]LogD3D11RHI: GPU Timing Frequency: 1000.000000 (Debug: 2 1)
[2020.03.23-17.43.22:331][  0]LogTargetPlatformManager: Display: Loaded TargetPlatform 'AllDesktop'
[2020.03.23-17.43.22:357][  0]LogTargetPlatformManager: Display: Loaded TargetPlatform 'Android'
[2020.03.23-17.43.22:357][  0]LogTargetPlatformManager: Display: Loaded TargetPlatform 'Android_ASTC'
[2020.03.23-17.43.22:357][  0]LogTargetPlatformManager: Display: Loaded TargetPlatform 'Android_ATC'
[2020.03.23-17.43.22:357][  0]LogTargetPlatformManager: Display: Loaded TargetPlatform 'Android_DXT'
[2020.03.23-17.43.22:357][  0]LogTargetPlatformManager: Display: Loaded TargetPlatform 'Android_ETC1'
[2020.03.23-17.43.22:357][  0]LogTargetPlatformManager: Display: Loaded TargetPlatform 'Android_ETC1a'
[2020.03.23-17.43.22:357][  0]LogTargetPlatformManager: Display: Loaded TargetPlatform 'Android_ETC2'
[2020.03.23-17.43.22:357][  0]LogTargetPlatformManager: Display: Loaded TargetPlatform 'Android_PVRTC'
[2020.03.23-17.43.22:357][  0]LogTargetPlatformManager: Display: Loaded TargetPlatform 'AndroidClient'
[2020.03.23-17.43.22:357][  0]LogTargetPlatformManager: Display: Loaded TargetPlatform 'Android_ASTCClient'
[2020.03.23-17.43.22:357][  0]LogTargetPlatformManager: Display: Loaded TargetPlatform 'Android_ATCClient'
[2020.03.23-17.43.22:357][  0]LogTargetPlatformManager: Display: Loaded TargetPlatform 'Android_DXTClient'
[2020.03.23-17.43.22:357][  0]LogTargetPlatformManager: Display: Loaded TargetPlatform 'Android_ETC1Client'
[2020.03.23-17.43.22:357][  0]LogTargetPlatformManager: Display: Loaded TargetPlatform 'Android_ETC1aClient'
[2020.03.23-17.43.22:357][  0]LogTargetPlatformManager: Display: Loaded TargetPlatform 'Android_ETC2Client'
[2020.03.23-17.43.22:357][  0]LogTargetPlatformManager: Display: Loaded TargetPlatform 'Android_PVRTCClient'
[2020.03.23-17.43.22:357][  0]LogTargetPlatformManager: Display: Loaded TargetPlatform 'Android_Multi'
[2020.03.23-17.43.22:357][  0]LogTargetPlatformManager: Display: Loaded TargetPlatform 'Android_MultiClient'
[2020.03.23-17.43.22:371][  0]LogTargetPlatformManager: Display: Loaded TargetPlatform 'IOSClient'
[2020.03.23-17.43.22:371][  0]LogTargetPlatformManager: Display: Loaded TargetPlatform 'IOS'
[2020.03.23-17.43.22:376][  0]LogTargetPlatformManager: Display: Loaded TargetPlatform 'LinuxNoEditor'
[2020.03.23-17.43.22:382][  0]LogTargetPlatformManager: Display: Loaded TargetPlatform 'LinuxClient'
[2020.03.23-17.43.22:387][  0]LogTargetPlatformManager: Display: Loaded TargetPlatform 'LinuxServer'
[2020.03.23-17.43.22:393][  0]LogTargetPlatformManager: Display: Loaded TargetPlatform 'LinuxAArch64NoEditor'
[2020.03.23-17.43.22:398][  0]LogTargetPlatformManager: Display: Loaded TargetPlatform 'LinuxAArch64Client'
[2020.03.23-17.43.22:404][  0]LogTargetPlatformManager: Display: Loaded TargetPlatform 'LinuxAArch64Server'
[2020.03.23-17.43.22:421][  0]LogTargetPlatformManager: Display: Loaded TargetPlatform 'Lumin'
[2020.03.23-17.43.22:421][  0]LogTargetPlatformManager: Display: Loaded TargetPlatform 'LuminClient'
[2020.03.23-17.43.22:431][  0]LogTargetPlatformManager: Display: Loaded TargetPlatform 'TVOSClient'
[2020.03.23-17.43.22:431][  0]LogTargetPlatformManager: Display: Loaded TargetPlatform 'TVOS'
[2020.03.23-17.43.22:437][  0]LogTargetPlatformManager: Display: Loaded TargetPlatform 'WindowsNoEditor'
[2020.03.23-17.43.22:443][  0]LogTargetPlatformManager: Display: Loaded TargetPlatform 'Windows'
[2020.03.23-17.43.22:448][  0]LogTargetPlatformManager: Display: Loaded TargetPlatform 'WindowsClient'
[2020.03.23-17.43.22:454][  0]LogTargetPlatformManager: Display: Loaded TargetPlatform 'WindowsServer'
[2020.03.23-17.43.22:454][  0]LogTargetPlatformManager: Display: Building Assets For Windows
[2020.03.23-17.43.22:456][  0]LogAudioDebug: Display: Lib vorbis DLL was dynamically loaded.
[2020.03.23-17.43.22:471][  0]LogShaderCompilers: Guid format shader working directory is -1 characters bigger than the processId version (../../../../../../Users/user5/Desktop/ewew/west/Intermediate/Shaders/WorkingDirectory/2644/).
[2020.03.23-17.43.22:471][  0]LogShaderCompilers: Cleaned the shader compiler working directory 'C:/Users/user5/AppData/Local/Temp/UnrealShaderWorkingDir/F6BA3952456C4C0C45019DB10C4E84CD/'.
[2020.03.23-17.43.22:471][  0]LogXGEController: Cannot use XGE Controller as Incredibuild is not installed on this machine.
[2020.03.23-17.43.22:471][  0]LogShaderCompilers: Cannot use XGE Shader Compiler as Incredibuild is not installed on this machine.
[2020.03.23-17.43.22:471][  0]LogShaderCompilers: Display: Using Local Shader Compiler.
[2020.03.23-17.43.23:064][  0]LogDerivedDataCache: Display: Max Cache Size: 512 MB
[2020.03.23-17.43.23:109][  0]LogDerivedDataCache: Loaded boot cache 0.04s 78MB C:/Users/user5/AppData/Local/UnrealEngine/4.24/DerivedDataCache/Boot.ddc.
[2020.03.23-17.43.23:109][  0]LogDerivedDataCache: Display: Loaded Boot cache: C:/Users/user5/AppData/Local/UnrealEngine/4.24/DerivedDataCache/Boot.ddc
[2020.03.23-17.43.23:109][  0]LogDerivedDataCache: FDerivedDataBackendGraph:  Pak pak cache file ../../../../../../Users/user5/Desktop/ewew/west/DerivedDataCache/DDC.ddp not found, will not use a pak cache.
[2020.03.23-17.43.23:109][  0]LogDerivedDataCache: Unable to find inner node Pak for hierarchical cache Hierarchy.
[2020.03.23-17.43.23:109][  0]LogDerivedDataCache: FDerivedDataBackendGraph:  CompressedPak pak cache file ../../../../../../Users/user5/Desktop/ewew/west/DerivedDataCache/Compressed.ddp not found, will not use a pak cache.
[2020.03.23-17.43.23:109][  0]LogDerivedDataCache: Unable to find inner node CompressedPak for hierarchical cache Hierarchy.
[2020.03.23-17.43.23:118][  0]LogDerivedDataCache: Display: Pak cache opened for reading ../../../Engine/DerivedDataCache/Compressed.ddp.
[2020.03.23-17.43.23:118][  0]LogDerivedDataCache: FDerivedDataBackendGraph:  EnterprisePak pak cache file ../../../Enterprise/DerivedDataCache/Compressed.ddp not found, will not use a pak cache.
[2020.03.23-17.43.23:118][  0]LogDerivedDataCache: Unable to find inner node EnterprisePak for hierarchical cache Hierarchy.
[2020.03.23-17.43.23:119][  0]LogDerivedDataCache: Using Local data cache path C:/Users/user5/AppData/Local/UnrealEngine/Common/DerivedDataCache: Writable
[2020.03.23-17.43.23:119][  0]LogDerivedDataCache: Shared data cache path not found in *engine.ini, will not use an Shared cache.
[2020.03.23-17.43.23:119][  0]LogDerivedDataCache: Unable to find inner node Shared for hierarchical cache Hierarchy.
[2020.03.23-17.43.23:140][  0]LogMaterial: Verifying Global Shaders for PCD3D_SM5
[2020.03.23-17.43.23:142][  0]LogSlate: Using FreeType 2.10.0
[2020.03.23-17.43.23:142][  0]LogSlate: SlateFontServices - WITH_FREETYPE: 1, WITH_HARFBUZZ: 1
[2020.03.23-17.43.23:181][  0]LogAssetRegistry: FAssetRegistry took 0.0019 seconds to start up
[2020.03.23-17.43.23:411][  0]LogInit: Selected Device Profile: [Windows]
[2020.03.23-17.43.23:537][  0]LogMeshReduction: Using QuadricMeshReduction for automatic static mesh reduction
[2020.03.23-17.43.23:537][  0]LogMeshReduction: Using SimplygonMeshReduction for automatic skeletal mesh reduction
[2020.03.23-17.43.23:537][  0]LogMeshReduction: Using ProxyLODMeshReduction for automatic mesh merging
[2020.03.23-17.43.23:537][  0]LogMeshReduction: No distributed automatic mesh merging module available
[2020.03.23-17.43.23:537][  0]LogMeshMerging: No distributed automatic mesh merging module available
[2020.03.23-17.43.23:546][  0]LogNetVersion: west 1.0.0, NetCL: 10570792, EngineNetVer: 13, GameNetVer: 0 (Checksum: 1942453698)
[2020.03.23-17.43.24:345][  0]LogPackageLocalizationCache: Processed 10 localized package path(s) for 1 prioritized culture(s) in 0.027254 seconds
[2020.03.23-17.43.24:352][  0]LogUObjectArray: 46750 objects as part of root set at end of initial load.
[2020.03.23-17.43.24:352][  0]LogUObjectAllocator: 8137160 out of 0 bytes used by permanent object pool.
[2020.03.23-17.43.24:352][  0]LogUObjectArray: CloseDisregardForGC: 0/0 objects in disregard for GC pool
[2020.03.23-17.43.24:664][  0]LogTcpMessaging: Initializing TcpMessaging bridge
[2020.03.23-17.43.24:666][  0]LogUdpMessaging: Initializing bridge on interface 0.0.0.0:0 to multicast group 230.0.0.1:6666.
[2020.03.23-17.43.24:705][  0]SourceControl: Source control is disabled
[2020.03.23-17.43.24:705][  0]SourceControl: Source control is disabled
[2020.03.23-17.43.24:705][  0]SourceControl: Source control is disabled
[2020.03.23-17.43.24:706][  0]SourceControl: Source control is disabled
[2020.03.23-17.43.24:707][  0]SourceControl: Source control is disabled
[2020.03.23-17.43.24:712][  0]LogVSAccessor: Display: Unable to create Visual Studio setup instance: 80040154
[2020.03.23-17.43.24:714][  0]LogVSAccessor: Display: Unable to create Visual Studio setup instance: 80040154
[2020.03.23-17.43.24:771][  0]LogAndroidPermission: UAndroidPermissionCallbackProxy::GetInstance
[2020.03.23-17.43.24:779][  0]LogAudioCaptureCore: Display: No Audio Capture implementations found. Audio input will be silent.
[2020.03.23-17.43.24:779][  0]LogAudioCaptureCore: Display: No Audio Capture implementations found. Audio input will be silent.
[2020.03.23-17.43.24:847][  0]LogOcInput: OculusInput pre-init called
[2020.03.23-17.43.24:853][  0]LogWindows: Failed to load 'OVRPlugin.dll' (GetLastError=126)
[2020.03.23-17.43.24:853][  0]LogWindows: File 'OVRPlugin.dll' does not exist
[2020.03.23-17.43.24:920][  0]LogEngine: Initializing Engine...
[2020.03.23-17.43.24:921][  0]LogHMD: Failed to initialize OpenVR with code 110
[2020.03.23-17.43.24:922][  0]LogStats: UGameplayTagsManager::InitializeManager -  0.000 s
[2020.03.23-17.43.25:214][  0]LogInit: Initializing FReadOnlyCVARCache
[2020.03.23-17.43.25:220][  0]LogAIModule: Creating AISystem for world Untitled
[2020.03.23-17.43.25:226][  0]LogAudioMixer: Display: Audio Mixer Platform Settings:
[2020.03.23-17.43.25:226][  0]LogAudioMixer: Display: 	Sample Rate:						  48000
[2020.03.23-17.43.25:226][  0]LogAudioMixer: Display: 	Callback Buffer Frame Size Requested: 1024
[2020.03.23-17.43.25:226][  0]LogAudioMixer: Display: 	Callback Buffer Frame Size To Use:	  1024
[2020.03.23-17.43.25:226][  0]LogAudioMixer: Display: 	Number of buffers to queue:			  2
[2020.03.23-17.43.25:226][  0]LogAudioMixer: Display: 	Max Channels (voices):				  32
[2020.03.23-17.43.25:226][  0]LogAudioMixer: Display: 	Number of Async Source Workers:		  0
[2020.03.23-17.43.25:226][  0]LogAudio: Display: AudioDevice MaxSources: 32
[2020.03.23-17.43.25:226][  0]LogAudio: Display: Using built-in audio occlusion.
[2020.03.23-17.43.25:226][  0]LogAudioMixer: Display: Initializing audio mixer.
[2020.03.23-17.43.25:241][  0]LogAudioMixer: Display: Audio Device Output Speaker Info:
[2020.03.23-17.43.25:241][  0]LogAudioMixer: Display: Name: NS-29D310NA15 (2- NVIDIA High Definition Audio)
[2020.03.23-17.43.25:241][  0]LogAudioMixer: Display: Is Default: Yes
[2020.03.23-17.43.25:241][  0]LogAudioMixer: Display: Sample Rate: 48000
[2020.03.23-17.43.25:241][  0]LogAudioMixer: Display: Channel Count Used: 2
[2020.03.23-17.43.25:241][  0]LogAudioMixer: Display: Device Channel Count: 2
[2020.03.23-17.43.25:241][  0]LogAudioMixer: Display: Channel Order:
[2020.03.23-17.43.25:241][  0]LogAudioMixer: Display: 0: FrontLeft
[2020.03.23-17.43.25:241][  0]LogAudioMixer: Display: 1: FrontRight
[2020.03.23-17.43.25:284][  0]LogAudioMixer: Display: Using Audio Device NS-29D310NA15 (2- NVIDIA High Definition Audio)
[2020.03.23-17.43.25:293][  0]LogInit: FAudioDevice initialized.
[2020.03.23-17.43.25:294][  0]LogNetVersion: Set ProjectVersion to 1.0.0.0. Version Checksum will be recalculated on next use.
[2020.03.23-17.43.25:372][  0]LogDerivedDataCache: Saved boot cache 0.08s 78MB C:/Users/user5/AppData/Local/UnrealEngine/4.24/DerivedDataCache/Boot.ddc.
[2020.03.23-17.43.25:373][  0]LogInit: Texture streaming: Enabled
[2020.03.23-17.43.25:381][  0]LogEngineSessionManager: EngineSessionManager initialized
[2020.03.23-17.43.25:381][  0]LogEditorSessionSummary: Verbose: Initializing EditorSessionSummaryWriter for editor session tracking
[2020.03.23-17.43.25:385][  0]LogEditorSessionSummary: EditorSessionSummaryWriter initialized
[2020.03.23-17.43.25:412][  0]LogInit: Transaction tracking system initialized
[2020.03.23-17.43.25:419][  0]BlueprintLog: New page: Editor Load
[2020.03.23-17.43.25:442][  0]LocalizationService: Localization service is disabled
[2020.03.23-17.43.25:494][  0]LogVSAccessor: Display: Unable to create Visual Studio setup instance: 80040154
[2020.03.23-17.43.25:494][  0]LogVSAccessor: Display: Unable to create Visual Studio setup instance: 80040154
[2020.03.23-17.43.25:692][  0]LogCook: Display: Max memory allowance for cook 16384mb min free memory 0mb
[2020.03.23-17.43.25:692][  0]LogCook: Display: Mobile HDR setting 1
[2020.03.23-17.43.25:756][  0]LogFileCache: Scanning file cache for directory 'C:/Users/user5/Desktop/ewew/west/Content/' took 0.01s
[2020.03.23-17.43.26:217][  0]SourceControl: Source control is disabled
[2020.03.23-17.43.26:217][  0]Cmd: MAP LOAD FILE="../../../../../../Users/user5/Desktop/ewew/west/Content/FirstPersonBP/Maps/FirstPersonExampleMap.umap" TEMPLATE=0 SHOWPROGRESS=1 FEATURELEVEL=3
[2020.03.23-17.43.26:217][  0]LightingResults: New page: Lighting Build
[2020.03.23-17.43.26:218][  0]LogWorld: UWorld::CleanupWorld for Untitled, bSessionEnded=true, bCleanupResources=true
[2020.03.23-17.43.26:218][  0]LogSlate: InvalidateAllWidgets triggered.  All widgets were invalidated
[2020.03.23-17.43.26:218][  0]MapCheck: New page: Map Check
[2020.03.23-17.43.26:218][  0]LightingResults: New page: Lighting Build
[2020.03.23-17.43.26:242][  0]LogUObjectHash: Compacting FUObjectHashTables data took   1.41ms
[2020.03.23-17.43.26:408][  0]LogLinker: Warning: While loading '../../../../../../Users/user5/Desktop/ewew/west/Content/Meshes/Building/ModPack/SM_WindowWall.uasset' failed to load '/Game/Materials/Floor/Wood_02': Can't find file.
[2020.03.23-17.43.26:408][  0]LogLinker: Warning: While loading '../../../../../../Users/user5/Desktop/ewew/west/Content/Meshes/Building/ModPack/SM_WindowWall.uasset' failed to load '/Game/Materials/Floor/Wood_02': Can't find file.
[2020.03.23-17.43.26:408][  0]LogLinker: Warning: While loading '../../../../../../Users/user5/Desktop/ewew/west/Content/Meshes/Building/ModPack/SM_WindowWall.uasset' failed to load '/Game/Materials/MAT05/Wood_05': Can't find file.
[2020.03.23-17.43.26:408][  0]LogLinker: Warning: While loading '../../../../../../Users/user5/Desktop/ewew/west/Content/Meshes/Building/ModPack/SM_WindowWall.uasset' failed to load '/Game/Materials/MAT05/Wood_05': Can't find file.
[2020.03.23-17.43.26:408][  0]LogLinker: Warning: While loading '../../../../../../Users/user5/Desktop/ewew/west/Content/Meshes/Building/ModPack/SM_WindowWall.uasset' failed to load '/Game/Materials/Floor/Wood_02': Can't find file.
[2020.03.23-17.43.26:408][  0]LogLinker: Warning: While loading '../../../../../../Users/user5/Desktop/ewew/west/Content/Meshes/Building/ModPack/SM_WindowWall.uasset' failed to load '/Game/Materials/Floor/Wood_02': Can't find file.
[2020.03.23-17.43.26:409][  0]LogLinker: Warning: While loading '../../../../../../Users/user5/Desktop/ewew/west/Content/Meshes/Building/ModPack/SM_WindowWall.uasset' failed to load '/Game/Materials/MAT05/Wood_05': Can't find file.
[2020.03.23-17.43.26:409][  0]LogLinker: Warning: While loading '../../../../../../Users/user5/Desktop/ewew/west/Content/Meshes/Building/ModPack/SM_WindowWall.uasset' failed to load '/Game/Materials/MAT05/Wood_05': Can't find file.
[2020.03.23-17.43.26:413][  0]LogLinker: Warning: While loading '../../../../../../Users/user5/Desktop/ewew/west/Content/Meshes/Materials/Dust/DustPS.uasset' failed to load '/Game/Materials/Dust/Dust': Can't find file.
[2020.03.23-17.43.26:414][  0]LogLinker: Warning: While loading '../../../../../../Users/user5/Desktop/ewew/west/Content/Meshes/Materials/Dust/DustPS.uasset' failed to load '/Game/Materials/Dust/Dust': Can't find file.
[2020.03.23-17.43.26:414][  0]LogLinker: Warning: While loading '../../../../../../Users/user5/Desktop/ewew/west/Content/Meshes/Materials/Dust/DustPS.uasset' failed to load '/Game/Materials/Dust/Dust': Can't find file.
[2020.03.23-17.43.26:414][  0]LogLinker: Warning: While loading '../../../../../../Users/user5/Desktop/ewew/west/Content/Meshes/Materials/Dust/DustPS.uasset' failed to load '/Game/Materials/Dust/Dust': Can't find file.
[2020.03.23-17.43.26:420][  0]LogLinker: Warning: While loading '../../../../../../Users/user5/Desktop/ewew/west/Content/Meshes/Props/Chair/SM_Chair.uasset' failed to load '/Game/Meshes/Props/Chair/lambert1': Can't find file.
[2020.03.23-17.43.26:420][  0]LogLinker: Warning: While loading '../../../../../../Users/user5/Desktop/ewew/west/Content/Meshes/Props/Chair/SM_Chair.uasset' failed to load '/Game/Meshes/Props/Chair/lambert1': Can't find file.
[2020.03.23-17.43.26:420][  0]LogLinker: Warning: While loading '../../../../../../Users/user5/Desktop/ewew/west/Content/Meshes/Props/Chair/SM_Chair.uasset' failed to load '/Game/Meshes/Props/Chair/lambert1': Can't find file.
[2020.03.23-17.43.26:420][  0]LogLinker: Warning: While loading '../../../../../../Users/user5/Desktop/ewew/west/Content/Meshes/Props/Chair/SM_Chair.uasset' failed to load '/Game/Meshes/Props/Chair/lambert1': Can't find file.
[2020.03.23-17.43.26:434][  0]LogLinker: Warning: While loading '../../../../../../Users/user5/Desktop/ewew/west/Content/Meshes/Props/WInchester/SM_GunMount.uasset' failed to load '/Game/Meshes/Props/WInchester/lambert1': Can't find file.
[2020.03.23-17.43.26:434][  0]LogLinker: Warning: While loading '../../../../../../Users/user5/Desktop/ewew/west/Content/Meshes/Props/WInchester/SM_GunMount.uasset' failed to load '/Game/Meshes/Props/WInchester/lambert1': Can't find file.
[2020.03.23-17.43.26:434][  0]LogLinker: Warning: While loading '../../../../../../Users/user5/Desktop/ewew/west/Content/Meshes/Props/WInchester/SM_GunMount.uasset' failed to load '/Game/Meshes/Props/WInchester/lambert1': Can't find file.
[2020.03.23-17.43.26:434][  0]LogLinker: Warning: While loading '../../../../../../Users/user5/Desktop/ewew/west/Content/Meshes/Props/WInchester/SM_GunMount.uasset' failed to load '/Game/Meshes/Props/WInchester/lambert1': Can't find file.
[2020.03.23-17.43.26:449][  0]LogLinker: Warning: While loading '../../../../../../Users/user5/Desktop/ewew/west/Content/Meshes/Props/Chair/SM_Chair.uasset' failed to load '/Game/Meshes/Props/Chair/lambert1': Can't find file.
[2020.03.23-17.43.26:449][  0]LoadErrors: Failed to load /Game/Meshes/Props/Chair/lambert1.lambert1 Referenced by SM_Chair
[2020.03.23-17.43.26:449][  0]LogLinker: Warning: While loading '../../../../../../Users/user5/Desktop/ewew/west/Content/Meshes/Props/Chair/SM_Chair.uasset' failed to load '/Game/Meshes/Props/Chair/lambert1': Can't find file.
[2020.03.23-17.43.26:449][  0]LoadErrors: Failed to load /Game/Meshes/Props/Chair/lambert1.lambert1 Referenced by SM_Chair
[2020.03.23-17.43.26:449][  0]LogLinker: Warning: While loading '../../../../../../Users/user5/Desktop/ewew/west/Content/Meshes/Props/Chair/SM_Chair.uasset' failed to load '/Game/Meshes/Props/Chair/lambert1': Can't find file.
[2020.03.23-17.43.26:449][  0]LoadErrors: Failed to load /Game/Meshes/Props/Chair/lambert1.lambert1 Referenced by SM_Chair
[2020.03.23-17.43.26:450][  0]LogLinker: Warning: While loading '../../../../../../Users/user5/Desktop/ewew/west/Content/Meshes/Props/Chair/SM_Chair.uasset' failed to load '/Game/Meshes/Props/Chair/lambert1': Can't find file.
[2020.03.23-17.43.26:450][  0]LoadErrors: Failed to load /Game/Meshes/Props/Chair/lambert1.lambert1 Referenced by SM_Chair
[2020.03.23-17.43.26:450][  0]LogLinker: Warning: While loading '../../../../../../Users/user5/Desktop/ewew/west/Content/Meshes/Materials/Dust/DustPS.uasset' failed to load '/Game/Materials/Dust/Dust': Can't find file.
[2020.03.23-17.43.26:450][  0]LoadErrors: Failed to load /Game/Materials/Dust/Dust.Dust Referenced by ParticleModuleRequired_0
[2020.03.23-17.43.26:450][  0]LogLinker: Warning: While loading '../../../../../../Users/user5/Desktop/ewew/west/Content/Meshes/Materials/Dust/DustPS.uasset' failed to load '/Game/Materials/Dust/Dust': Can't find file.
[2020.03.23-17.43.26:450][  0]LoadErrors: Failed to load /Game/Materials/Dust/Dust.Dust Referenced by ParticleModuleRequired_0
[2020.03.23-17.43.26:451][  0]LogLinker: Warning: While loading '../../../../../../Users/user5/Desktop/ewew/west/Content/Meshes/Building/ModPack/SM_WindowWall.uasset' failed to load '/Game/Materials/Floor/Wood_02': Can't find file.
[2020.03.23-17.43.26:451][  0]LoadErrors: Failed to load /Game/Materials/Floor/Wood_02.Wood_02 Referenced by SM_WindowWall
[2020.03.23-17.43.26:451][  0]LogLinker: Warning: While loading '../../../../../../Users/user5/Desktop/ewew/west/Content/Meshes/Building/ModPack/SM_WindowWall.uasset' failed to load '/Game/Materials/Floor/Wood_02': Can't find file.
[2020.03.23-17.43.26:451][  0]LoadErrors: Failed to load /Game/Materials/Floor/Wood_02.Wood_02 Referenced by SM_WindowWall
[2020.03.23-17.43.26:451][  0]LogLinker: Warning: While loading '../../../../../../Users/user5/Desktop/ewew/west/Content/Meshes/Building/ModPack/SM_WindowWall.uasset' failed to load '/Game/Materials/MAT05/Wood_05': Can't find file.
[2020.03.23-17.43.26:451][  0]LoadErrors: Failed to load /Game/Materials/MAT05/Wood_05.Wood_05 Referenced by SM_WindowWall
[2020.03.23-17.43.26:451][  0]LogLinker: Warning: While loading '../../../../../../Users/user5/Desktop/ewew/west/Content/Meshes/Building/ModPack/SM_WindowWall.uasset' failed to load '/Game/Materials/MAT05/Wood_05': Can't find file.
[2020.03.23-17.43.26:451][  0]LoadErrors: Failed to load /Game/Materials/MAT05/Wood_05.Wood_05 Referenced by SM_WindowWall
[2020.03.23-17.43.26:451][  0]LogLinker: Warning: While loading '../../../../../../Users/user5/Desktop/ewew/west/Content/Meshes/Building/ModPack/SM_WindowWall.uasset' failed to load '/Game/Materials/Floor/Wood_02': Can't find file.
[2020.03.23-17.43.26:452][  0]LoadErrors: Failed to load /Game/Materials/Floor/Wood_02.Wood_02 Referenced by SM_WindowWall
[2020.03.23-17.43.26:452][  0]LogLinker: Warning: While loading '../../../../../../Users/user5/Desktop/ewew/west/Content/Meshes/Building/ModPack/SM_WindowWall.uasset' failed to load '/Game/Materials/Floor/Wood_02': Can't find file.
[2020.03.23-17.43.26:452][  0]LoadErrors: Failed to load /Game/Materials/Floor/Wood_02.Wood_02 Referenced by SM_WindowWall
[2020.03.23-17.43.26:452][  0]LogLinker: Warning: While loading '../../../../../../Users/user5/Desktop/ewew/west/Content/Meshes/Building/ModPack/SM_WindowWall.uasset' failed to load '/Game/Materials/MAT05/Wood_05': Can't find file.
[2020.03.23-17.43.26:452][  0]LoadErrors: Failed to load /Game/Materials/MAT05/Wood_05.Wood_05 Referenced by SM_WindowWall
[2020.03.23-17.43.26:452][  0]LogLinker: Warning: While loading '../../../../../../Users/user5/Desktop/ewew/west/Content/Meshes/Building/ModPack/SM_WindowWall.uasset' failed to load '/Game/Materials/MAT05/Wood_05': Can't find file.
[2020.03.23-17.43.26:452][  0]LoadErrors: Failed to load /Game/Materials/MAT05/Wood_05.Wood_05 Referenced by SM_WindowWall
[2020.03.23-17.43.26:477][  0]LogLinker: Warning: While loading '../../../../../../Users/user5/Desktop/ewew/west/Content/Meshes/Props/WInchester/SM_GunMount.uasset' failed to load '/Game/Meshes/Props/WInchester/lambert1': Can't find file.
[2020.03.23-17.43.26:477][  0]LoadErrors: Failed to load /Game/Meshes/Props/WInchester/lambert1.lambert1 Referenced by SM_GunMount
[2020.03.23-17.43.26:478][  0]LogLinker: Warning: While loading '../../../../../../Users/user5/Desktop/ewew/west/Content/Meshes/Props/WInchester/SM_GunMount.uasset' failed to load '/Game/Meshes/Props/WInchester/lambert1': Can't find file.
[2020.03.23-17.43.26:478][  0]LoadErrors: Failed to load /Game/Meshes/Props/WInchester/lambert1.lambert1 Referenced by SM_GunMount
[2020.03.23-17.43.26:478][  0]LogLinker: Warning: While loading '../../../../../../Users/user5/Desktop/ewew/west/Content/Meshes/Props/WInchester/SM_GunMount.uasset' failed to load '/Game/Meshes/Props/WInchester/lambert1': Can't find file.
[2020.03.23-17.43.26:478][  0]LoadErrors: Failed to load /Game/Meshes/Props/WInchester/lambert1.lambert1 Referenced by SM_GunMount
[2020.03.23-17.43.26:478][  0]LogLinker: Warning: While loading '../../../../../../Users/user5/Desktop/ewew/west/Content/Meshes/Props/WInchester/SM_GunMount.uasset' failed to load '/Game/Meshes/Props/WInchester/lambert1': Can't find file.
[2020.03.23-17.43.26:478][  0]LoadErrors: Failed to load /Game/Meshes/Props/WInchester/lambert1.lambert1 Referenced by SM_GunMount
[2020.03.23-17.43.26:753][  0]LogAIModule: Creating AISystem for world FirstPersonExampleMap
[2020.03.23-17.43.26:763][  0]LogMaterial: Display: Material /Game/Meshes/Props/Crate/SM_Crate_lambert2_BaseColor_Mat.SM_Crate_lambert2_BaseColor_Mat needed to have new flag set bUsedWithStaticLighting !
[2020.03.23-17.43.26:769][  0]LogMaterial: Display: Missing cached shader map for material SM_Crate_lambert2_BaseColor_Mat, compiling. 
[2020.03.23-17.43.26:825][  0]MapCheck: Warning: SM_Crate_lambert2_BaseColor_Mat Material /Game/Meshes/Props/Crate/SM_Crate_lambert2_BaseColor_Mat.SM_Crate_lambert2_BaseColor_Mat was missing the usage flag bUsedWithStaticLighting. If the material asset is not re-saved, it may not render correctly when run outside the editor. Fix
[2020.03.23-17.43.26:826][  0]LogMaterial: Display: Material /Game/Meshes/Materials/PokerTable/SM_Table_lambert26_BaseColor_Mat.SM_Table_lambert26_BaseColor_Mat needed to have new flag set bUsedWithStaticLighting !
[2020.03.23-17.43.26:829][  0]LogShaderCompilers: Display: Worker (1/3): shaders left to compile 24
[2020.03.23-17.43.26:830][  0]LogShaderCompilers: Display: Worker (2/3): shaders left to compile 15
[2020.03.23-17.43.26:830][  0]LogShaderCompilers: Display: Worker (3/3): shaders left to compile 6
[2020.03.23-17.43.26:830][  0]LogMaterial: Display: Missing cached shader map for material SM_Table_lambert26_BaseColor_Mat, compiling. 
[2020.03.23-17.43.26:843][  0]MapCheck: Warning: SM_Table_lambert26_BaseColor_Mat Material /Game/Meshes/Materials/PokerTable/SM_Table_lambert26_BaseColor_Mat.SM_Table_lambert26_BaseColor_Mat was missing the usage flag bUsedWithStaticLighting. If the material asset is not re-saved, it may not render correctly when run outside the editor. Fix
[2020.03.23-17.43.26:844][  0]LogMaterial: Display: Material /Game/Meshes/Props/WInchester/SM_Winchester_Metal_BaseColor_Mat.SM_Winchester_Metal_BaseColor_Mat needed to have new flag set bUsedWithStaticLighting !
[2020.03.23-17.43.26:848][  0]LogMaterial: Display: Missing cached shader map for material SM_Winchester_Metal_BaseColor_Mat, compiling. 
[2020.03.23-17.43.26:863][  0]MapCheck: Warning: SM_Winchester_Metal_BaseColor_Mat Material /Game/Meshes/Props/WInchester/SM_Winchester_Metal_BaseColor_Mat.SM_Winchester_Metal_BaseColor_Mat was missing the usage flag bUsedWithStaticLighting. If the material asset is not re-saved, it may not render correctly when run outside the editor. Fix
[2020.03.23-17.43.26:863][  0]LogMaterial: Display: Material /Game/Meshes/Props/WInchester/SM_Winchester_Wood_BaseColor_Mat.SM_Winchester_Wood_BaseColor_Mat needed to have new flag set bUsedWithStaticLighting !
[2020.03.23-17.43.26:867][  0]LogMaterial: Display: Missing cached shader map for material SM_Winchester_Wood_BaseColor_Mat, compiling. 
[2020.03.23-17.43.26:880][  0]MapCheck: Warning: SM_Winchester_Wood_BaseColor_Mat Material /Game/Meshes/Props/WInchester/SM_Winchester_Wood_BaseColor_Mat.SM_Winchester_Wood_BaseColor_Mat was missing the usage flag bUsedWithStaticLighting. If the material asset is not re-saved, it may not render correctly when run outside the editor. Fix
[2020.03.23-17.43.26:884][  0]LogEditorServer: Finished looking for orphan Actors (0.000 secs)
[2020.03.23-17.43.26:908][  0]LogUObjectHash: Compacting FUObjectHashTables data took   2.19ms
[2020.03.23-17.43.26:908][  0]Cmd: MAP CHECKDEP NOCLEARLOG
[2020.03.23-17.43.26:908][  0]MapCheck: Map check complete: 0 Error(s), 4 Warning(s), took 0.096ms to complete.
[2020.03.23-17.43.26:912][  0]LogFileHelpers: Loading map 'FirstPersonExampleMap' took 0.695
[2020.03.23-17.43.27:051][  0]LogSlate: Updating window title bar state: overlay mode, drag disabled, window buttons hidden, title bar hidden
[2020.03.23-17.43.27:058][  0]LogSlate: Updating window title bar state: overlay mode, drag disabled, window buttons hidden, title bar hidden
[2020.03.23-17.43.27:064][  0]LogSlate: Updating window title bar state: overlay mode, drag disabled, window buttons hidden, title bar hidden
[2020.03.23-17.43.27:070][  0]LogSlate: Updating window title bar state: overlay mode, drag disabled, window buttons hidden, title bar hidden
[2020.03.23-17.43.27:080][  0]LogCollectionManager: Loaded 0 collections in 0.001422 seconds
[2020.03.23-17.43.27:113][  0]LogFileCache: Scanning file cache for directory 'C:/Users/user5/Desktop/ewew/west/Saved/Collections/' took 0.00s
[2020.03.23-17.43.27:113][  0]LogFileCache: Scanning file cache for directory 'C:/Users/user5/Desktop/ewew/west/Content/Developers/user5/Collections/' took 0.00s
[2020.03.23-17.43.27:113][  0]LogFileCache: Scanning file cache for directory 'C:/Users/user5/Desktop/ewew/west/Content/Collections/' took 0.00s
[2020.03.23-17.43.27:113][  0]LogContentBrowser: Native class hierarchy populated in 0.0078 seconds. Added 3015 classes and 717 folders.
[2020.03.23-17.43.27:121][  0]LogContentBrowser: Native class hierarchy updated for 'WidgetCarousel' in 0.0003 seconds. Added 0 classes and 0 folders.
[2020.03.23-17.43.27:283][  0]LogContentBrowser: Native class hierarchy updated for 'AddContentDialog' in 0.0002 seconds. Added 0 classes and 0 folders.
[2020.03.23-17.43.27:294][  0]LogContentBrowser: Native class hierarchy updated for 'SceneOutliner' in 0.0002 seconds. Added 2 classes and 3 folders.
[2020.03.23-17.43.27:368][  0]LogSlate: Took 0.000160 seconds to synchronously load lazily loaded font '../../../Engine/Content/Slate/Fonts/Roboto-Regular.ttf' (155K)
[2020.03.23-17.43.27:370][  0]LogSlate: Took 0.000118 seconds to synchronously load lazily loaded font '../../../Engine/Content/Slate/Fonts/Roboto-Bold.ttf' (160K)
[2020.03.23-17.43.27:374][  0]LogSlate: Took 0.000793 seconds to synchronously load lazily loaded font '../../../Engine/Content/Editor/Slate/Fonts/FontAwesome.ttf' (139K)
[2020.03.23-17.43.27:447][  0]LogRenderer: Reallocating scene render targets to support 852x372 Format 10 NumSamples 1 (Frame:1).
[2020.03.23-17.43.27:746][  0]LogContentBrowser: Native class hierarchy updated for 'HierarchicalLODOutliner' in 0.0002 seconds. Added 0 classes and 0 folders.
[2020.03.23-17.43.27:746][  0]LogLoad: (Engine Initialization) Total time: 6.89 seconds
[2020.03.23-17.43.27:746][  0]LogLoad: (Engine Initialization) Total Blueprint compile time: 0.00 seconds
[2020.03.23-17.43.27:801][  0]LogContentStreaming: Texture pool size now 1000 MB
[2020.03.23-17.43.27:910][  0]LogSlate: Took 0.000864 seconds to synchronously load lazily loaded font '../../../Engine/Content/Slate/Fonts/Roboto-Light.ttf' (167K)
[2020.03.23-17.43.28:058][  3]LogAssetRegistry: Asset discovery search completed in 4.8772 seconds
[2020.03.23-17.43.28:061][  3]LogCollectionManager: Fixed up redirectors for 0 collections in 0.000007 seconds (updated 0 objects)
[2020.03.23-17.43.29:710][147]LogShaderCompilers: Display: Worker (1/3): shaders left to compile 72
[2020.03.23-17.43.29:859][165]LogShaderCompilers: Display: Worker (2/3): shaders left to compile 62
[2020.03.23-17.43.30:031][185]LogSlate: Window 'Message Log' being destroyed
[2020.03.23-17.43.30:034][185]LogSlate: Window 'Message Log' being destroyed
[2020.03.23-17.43.31:552][358]LogTemp: Repeating last play command: Selected Viewport
[2020.03.23-17.43.31:575][358]LogBlueprintUserMessages: Early PlayInEditor Detection: Level '/Game/FirstPersonBP/Maps/FirstPersonExampleMap.FirstPersonExampleMap:PersistentLevel' has LevelScriptBlueprint '/Game/FirstPersonBP/Maps/FirstPersonExampleMap.FirstPersonExampleMap:PersistentLevel.FirstPersonExampleMap' with GeneratedClass '/Game/FirstPersonBP/Maps/FirstPersonExampleMap.FirstPersonExampleMap_C' with ClassGeneratedBy '/Game/FirstPersonBP/Maps/FirstPersonExampleMap.FirstPersonExampleMap:PersistentLevel.FirstPersonExampleMap'
[2020.03.23-17.43.31:575][358]LogPlayLevel: PlayLevel: No blueprints needed recompiling
[2020.03.23-17.43.31:586][358]PIE: New page: PIE session: FirstPersonExampleMap (Mar 23, 2020, 3:43:31 AM)
[2020.03.23-17.43.31:587][358]LogOnline: OSS: Creating online subsystem instance for: NULL
[2020.03.23-17.43.31:588][358]LogOnline: OSS: TryLoadSubsystemAndSetDefault: Loaded subsystem for module [NULL]
[2020.03.23-17.43.31:588][358]LogPlayLevel: Creating play world package: /Game/FirstPersonBP/Maps/UEDPIE_0_FirstPersonExampleMap
[2020.03.23-17.43.31:611][358]LogPlayLevel: PIE: StaticDuplicateObject took: (0.023030s)
[2020.03.23-17.43.31:612][358]LogAIModule: Creating AISystem for world FirstPersonExampleMap
[2020.03.23-17.43.31:612][358]LogPlayLevel: PIE: World Init took: (0.000918s)
[2020.03.23-17.43.31:612][358]LogPlayLevel: PIE: Created PIE world by copying editor world from /Game/FirstPersonBP/Maps/FirstPersonExampleMap.FirstPersonExampleMap to /Game/FirstPersonBP/Maps/UEDPIE_0_FirstPersonExampleMap.FirstPersonExampleMap (0.024188s)
[2020.03.23-17.43.31:635][358]LogUObjectHash: Compacting FUObjectHashTables data took   1.21ms
[2020.03.23-17.43.31:637][358]LogAudioMixer: Display: Audio Mixer Platform Settings:
[2020.03.23-17.43.31:637][358]LogAudioMixer: Display: 	Sample Rate:						  48000
[2020.03.23-17.43.31:637][358]LogAudioMixer: Display: 	Callback Buffer Frame Size Requested: 1024
[2020.03.23-17.43.31:637][358]LogAudioMixer: Display: 	Callback Buffer Frame Size To Use:	  1024
[2020.03.23-17.43.31:637][358]LogAudioMixer: Display: 	Number of buffers to queue:			  2
[2020.03.23-17.43.31:637][358]LogAudioMixer: Display: 	Max Channels (voices):				  32
[2020.03.23-17.43.31:637][358]LogAudioMixer: Display: 	Number of Async Source Workers:		  0
[2020.03.23-17.43.31:637][358]LogAudio: Display: AudioDevice MaxSources: 32
[2020.03.23-17.43.31:637][358]LogAudio: Display: Using built-in audio occlusion.
[2020.03.23-17.43.31:637][358]LogAudioMixer: Display: Initializing audio mixer.
[2020.03.23-17.43.31:647][358]LogAudioMixer: Display: Audio Device Output Speaker Info:
[2020.03.23-17.43.31:647][358]LogAudioMixer: Display: Name: NS-29D310NA15 (2- NVIDIA High Definition Audio)
[2020.03.23-17.43.31:647][358]LogAudioMixer: Display: Is Default: Yes
[2020.03.23-17.43.31:647][358]LogAudioMixer: Display: Sample Rate: 48000
[2020.03.23-17.43.31:647][358]LogAudioMixer: Display: Channel Count Used: 2
[2020.03.23-17.43.31:647][358]LogAudioMixer: Display: Device Channel Count: 2
[2020.03.23-17.43.31:647][358]LogAudioMixer: Display: Channel Order:
[2020.03.23-17.43.31:647][358]LogAudioMixer: Display: 0: FrontLeft
[2020.03.23-17.43.31:647][358]LogAudioMixer: Display: 1: FrontRight
[2020.03.23-17.43.31:656][358]LogAudioMixer: Display: Using Audio Device NS-29D310NA15 (2- NVIDIA High Definition Audio)
[2020.03.23-17.43.31:657][358]LogInit: FAudioDevice initialized.
[2020.03.23-17.43.31:699][358]LogLoad: Game class is 'FirstPersonGameMode_C'
[2020.03.23-17.43.31:713][358]LogWorld: Bringing World /Game/FirstPersonBP/Maps/UEDPIE_0_FirstPersonExampleMap.FirstPersonExampleMap up for play (max tick rate 0) at 2020.03.23-10.43.31
[2020.03.23-17.43.31:714][358]LogWorld: Bringing up level for play took: 0.002955
[2020.03.23-17.43.31:714][358]LogOnline: OSS: Creating online subsystem instance for: :Context_2
[2020.03.23-17.43.31:718][358]LogSpawn: Warning: SpawnActor failed because no class was specified
[2020.03.23-17.43.31:721][358]LogContentBrowser: Native class hierarchy updated for 'MovieSceneCapture' in 0.0003 seconds. Added 20 classes and 0 folders.
[2020.03.23-17.43.31:722][358]PIE: Play in editor start time for /Game/FirstPersonBP/Maps/UEDPIE_0_FirstPersonExampleMap -0.408
[2020.03.23-17.43.31:722][358]LogBlueprintUserMessages: Late PlayInEditor Detection: Level '/Game/FirstPersonBP/Maps/FirstPersonExampleMap.FirstPersonExampleMap:PersistentLevel' has LevelScriptBlueprint '/Game/FirstPersonBP/Maps/FirstPersonExampleMap.FirstPersonExampleMap:PersistentLevel.FirstPersonExampleMap' with GeneratedClass '/Game/FirstPersonBP/Maps/FirstPersonExampleMap.FirstPersonExampleMap_C' with ClassGeneratedBy '/Game/FirstPersonBP/Maps/FirstPersonExampleMap.FirstPersonExampleMap:PersistentLevel.FirstPersonExampleMap'
[2020.03.23-17.43.32:571][443]LogShaderCompilers: Display: Worker (1/3): shaders left to compile 52
[2020.03.23-17.43.32:862][478]LogShaderCompilers: Display: Worker (2/3): shaders left to compile 42
[2020.03.23-17.43.35:020][736]LogShaderCompilers: Display: Worker (1/3): shaders left to compile 32
[2020.03.23-17.43.35:801][830]LogShaderCompilers: Display: Worker (2/3): shaders left to compile 22
[2020.03.23-17.43.37:281][  4]LogShaderCompilers: Display: Worker (1/3): shaders left to compile 12
[2020.03.23-17.43.38:933][200]LogShaderCompilers: Display: Worker (2/3): shaders left to compile 5
[2020.03.23-17.43.39:416][257]LogShaderCompilers: Display: Worker (1/3): shaders left to compile 2
[2020.03.23-17.44.27:792][ 12]LogHttp: Warning: 000001B930A34E00: invalid HTTP response code received. URL: https://datarouter.ol.epicgames.com/datarouter/api/v1/public/data?SessionID=%7BD96F3E9E-4451-CEEF-53B6-BF908EBCE299%7D&AppID=UEEditor.Rocket.Release&AppVersion=4.24.3-11590370%2B%2B%2BUE4%2BRelease-4.24&UserID=2c019fe54742b26bc75395ab33624fab%7C714bf226af8c42568065025fe1d7b965%7C7cd578d6-c7d8-4646-8cfd-2a2706e63678&AppEnvironment=datacollector-binary&UploadType=eteventstream, HTTP code: 0, content length: 0, actual payload size: 0
[2020.03.23-17.44.27:792][ 12]LogHttp: Warning: 000001B930A34E00: request failed, libcurl error: 6 (Couldn't resolve host name)
[2020.03.23-17.44.27:792][ 12]LogHttp: Warning: 000001B930A34E00: libcurl info message cache 0 (Could not resolve host: datarouter.ol.epicgames.com)
[2020.03.23-17.44.27:792][ 12]LogHttp: Warning: 000001B930A34E00: libcurl info message cache 1 (Closing connection 0)
[2020.03.23-17.44.27:792][ 12]LogHttp: Warning: Retry exhausted on https://datarouter.ol.epicgames.com/datarouter/api/v1/public/data?SessionID=%7BD96F3E9E-4451-CEEF-53B6-BF908EBCE299%7D&AppID=UEEditor.Rocket.Release&AppVersion=4.24.3-11590370%2B%2B%2BUE4%2BRelease-4.24&UserID=2c019fe54742b26bc75395ab33624fab%7C714bf226af8c42568065025fe1d7b965%7C7cd578d6-c7d8-4646-8cfd-2a2706e63678&AppEnvironment=datacollector-binary&UploadType=eteventstream
[2020.03.23-17.44.36:784][ 88]LogAudioMixer: Display: No commands were queued while flushing the source manager.
[2020.03.23-17.44.36:784][ 88]LogAudioMixer: Display: No commands were queued while flushing the source manager.
[2020.03.23-17.44.36:784][ 88]LogBlueprintUserMessages: Early EndPlayMap Detection: Level '/Game/FirstPersonBP/Maps/FirstPersonExampleMap.FirstPersonExampleMap:PersistentLevel' has LevelScriptBlueprint '/Game/FirstPersonBP/Maps/FirstPersonExampleMap.FirstPersonExampleMap:PersistentLevel.FirstPersonExampleMap' with GeneratedClass '/Game/FirstPersonBP/Maps/FirstPersonExampleMap.FirstPersonExampleMap_C' with ClassGeneratedBy '/Game/FirstPersonBP/Maps/FirstPersonExampleMap.FirstPersonExampleMap:PersistentLevel.FirstPersonExampleMap'
[2020.03.23-17.44.36:805][ 88]LogSlate: Updating window title bar state: overlay mode, drag disabled, window buttons hidden, title bar hidden
[2020.03.23-17.44.36:805][ 88]LogWorld: BeginTearingDown for /Game/FirstPersonBP/Maps/UEDPIE_0_FirstPersonExampleMap
[2020.03.23-17.44.36:805][ 88]LogAudioMixer: Display: No commands were queued while flushing the source manager.
[2020.03.23-17.44.36:806][ 88]LogWorld: UWorld::CleanupWorld for FirstPersonExampleMap, bSessionEnded=true, bCleanupResources=true
[2020.03.23-17.44.36:807][ 88]LogSlate: InvalidateAllWidgets triggered.  All widgets were invalidated
[2020.03.23-17.44.36:819][ 88]LogPlayLevel: Display: Shutting down PIE online subsystems
[2020.03.23-17.44.36:819][ 88]LogBlueprintUserMessages: Late EndPlayMap Detection: Level '/Game/FirstPersonBP/Maps/FirstPersonExampleMap.FirstPersonExampleMap:PersistentLevel' has LevelScriptBlueprint '/Game/FirstPersonBP/Maps/FirstPersonExampleMap.FirstPersonExampleMap:PersistentLevel.FirstPersonExampleMap' with GeneratedClass '/Game/FirstPersonBP/Maps/FirstPersonExampleMap.FirstPersonExampleMap_C' with ClassGeneratedBy '/Game/FirstPersonBP/Maps/FirstPersonExampleMap.FirstPersonExampleMap:PersistentLevel.FirstPersonExampleMap'
[2020.03.23-17.44.36:825][ 88]LogSlate: InvalidateAllWidgets triggered.  All widgets were invalidated
[2020.03.23-17.44.36:850][ 88]LogAudioMixer: Display: No commands were queued while flushing the source manager.
[2020.03.23-17.44.36:853][ 88]LogSlate: Updating window title bar state: overlay mode, drag disabled, window buttons hidden, title bar hidden
[2020.03.23-17.44.36:856][ 88]LogUObjectHash: Compacting FUObjectHashTables data took   1.28ms
[2020.03.23-17.44.36:891][ 90]LogPlayLevel: Display: Destroying online subsystem :Context_2
[2020.03.23-17.46.28:339][219]LogHttp: Warning: 000001B920F1DA80: invalid HTTP response code received. URL: https://datarouter.ol.epicgames.com/datarouter/api/v1/public/data?SessionID=%7BD96F3E9E-4451-CEEF-53B6-BF908EBCE299%7D&AppID=UEEditor.Rocket.Release&AppVersion=4.24.3-11590370%2B%2B%2BUE4%2BRelease-4.24&UserID=2c019fe54742b26bc75395ab33624fab%7C714bf226af8c42568065025fe1d7b965%7C7cd578d6-c7d8-4646-8cfd-2a2706e63678&AppEnvironment=datacollector-binary&UploadType=eteventstream, HTTP code: 0, content length: 0, actual payload size: 0
[2020.03.23-17.46.28:339][219]LogHttp: Warning: 000001B920F1DA80: request failed, libcurl error: 6 (Couldn't resolve host name)
[2020.03.23-17.46.28:340][219]LogHttp: Warning: 000001B920F1DA80: libcurl info message cache 0 (Could not resolve host: datarouter.ol.epicgames.com)
[2020.03.23-17.46.28:340][219]LogHttp: Warning: 000001B920F1DA80: libcurl info message cache 1 (Closing connection 1)
[2020.03.23-17.46.28:670][220]LogHttp: Warning: Retry exhausted on https://datarouter.ol.epicgames.com/datarouter/api/v1/public/data?SessionID=%7BD96F3E9E-4451-CEEF-53B6-BF908EBCE299%7D&AppID=UEEditor.Rocket.Release&AppVersion=4.24.3-11590370%2B%2B%2BUE4%2BRelease-4.24&UserID=2c019fe54742b26bc75395ab33624fab%7C714bf226af8c42568065025fe1d7b965%7C7cd578d6-c7d8-4646-8cfd-2a2706e63678&AppEnvironment=datacollector-binary&UploadType=eteventstream
[2020.03.23-17.48.29:061][579]LogHttp: Warning: 000001B920F1DE40: invalid HTTP response code received. URL: https://datarouter.ol.epicgames.com/datarouter/api/v1/public/data?SessionID=%7BD96F3E9E-4451-CEEF-53B6-BF908EBCE299%7D&AppID=UEEditor.Rocket.Release&AppVersion=4.24.3-11590370%2B%2B%2BUE4%2BRelease-4.24&UserID=2c019fe54742b26bc75395ab33624fab%7C714bf226af8c42568065025fe1d7b965%7C7cd578d6-c7d8-4646-8cfd-2a2706e63678&AppEnvironment=datacollector-binary&UploadType=eteventstream, HTTP code: 0, content length: 0, actual payload size: 0
[2020.03.23-17.48.29:062][579]LogHttp: Warning: 000001B920F1DE40: request failed, libcurl error: 6 (Couldn't resolve host name)
[2020.03.23-17.48.29:062][579]LogHttp: Warning: 000001B920F1DE40: libcurl info message cache 0 (Could not resolve host: datarouter.ol.epicgames.com)
[2020.03.23-17.48.29:062][579]LogHttp: Warning: 000001B920F1DE40: libcurl info message cache 1 (Closing connection 2)
[2020.03.23-17.48.29:399][580]LogHttp: Warning: Retry exhausted on https://datarouter.ol.epicgames.com/datarouter/api/v1/public/data?SessionID=%7BD96F3E9E-4451-CEEF-53B6-BF908EBCE299%7D&AppID=UEEditor.Rocket.Release&AppVersion=4.24.3-11590370%2B%2B%2BUE4%2BRelease-4.24&UserID=2c019fe54742b26bc75395ab33624fab%7C714bf226af8c42568065025fe1d7b965%7C7cd578d6-c7d8-4646-8cfd-2a2706e63678&AppEnvironment=datacollector-binary&UploadType=eteventstream
[2020.03.23-17.50.29:802][939]LogHttp: Warning: 000001B920F1D300: invalid HTTP response code received. URL: https://datarouter.ol.epicgames.com/datarouter/api/v1/public/data?SessionID=%7BD96F3E9E-4451-CEEF-53B6-BF908EBCE299%7D&AppID=UEEditor.Rocket.Release&AppVersion=4.24.3-11590370%2B%2B%2BUE4%2BRelease-4.24&UserID=2c019fe54742b26bc75395ab33624fab%7C714bf226af8c42568065025fe1d7b965%7C7cd578d6-c7d8-4646-8cfd-2a2706e63678&AppEnvironment=datacollector-binary&UploadType=eteventstream, HTTP code: 0, content length: 0, actual payload size: 0
[2020.03.23-17.50.29:802][939]LogHttp: Warning: 000001B920F1D300: request failed, libcurl error: 6 (Couldn't resolve host name)
[2020.03.23-17.50.29:802][939]LogHttp: Warning: 000001B920F1D300: libcurl info message cache 0 (Could not resolve host: datarouter.ol.epicgames.com)
[2020.03.23-17.50.29:802][939]LogHttp: Warning: 000001B920F1D300: libcurl info message cache 1 (Closing connection 3)
[2020.03.23-17.50.30:140][940]LogHttp: Warning: Retry exhausted on https://datarouter.ol.epicgames.com/datarouter/api/v1/public/data?SessionID=%7BD96F3E9E-4451-CEEF-53B6-BF908EBCE299%7D&AppID=UEEditor.Rocket.Release&AppVersion=4.24.3-11590370%2B%2B%2BUE4%2BRelease-4.24&UserID=2c019fe54742b26bc75395ab33624fab%7C714bf226af8c42568065025fe1d7b965%7C7cd578d6-c7d8-4646-8cfd-2a2706e63678&AppEnvironment=datacollector-binary&UploadType=eteventstream
[2020.03.23-17.54.24:227][637]LogSlate: Took 0.000412 seconds to synchronously load lazily loaded font '../../../Engine/Content/Slate/Fonts/Roboto-Light.ttf' (167K)
[2020.03.23-19.26.55:813][708]LogActorFactory: Actor Factory created SM_Pillar
[2020.03.23-19.26.59:933][201]LogActorFactory: Actor Factory created SM_Pillar
[2020.03.23-19.27.09:589][339]Cmd: EDIT COPY
[2020.03.23-19.27.10:671][468]Cmd: EDIT PASTE
[2020.03.23-19.27.23:921][ 28]LogActorFactory: Actor Factory created SM_Pillar
[2020.03.23-19.27.28:359][559]LogActorFactory: Actor Factory created SM_Pillar
[2020.03.23-19.27.38:968][799]LogActorFactory: Actor Factory created SM_Pillar
[2020.03.23-19.27.44:510][462]LogActorFactory: Actor Factory created SM_Pillar
[2020.03.23-19.27.49:878][ 93]LogActorFactory: Actor Factory created SM_Pillar
[2020.03.23-19.27.55:251][737]LogActorFactory: Actor Factory created SM_Pillar
[2020.03.23-19.28.01:279][428]LogActorFactory: Actor Factory created SM_Pillar
[2020.03.23-19.28.06:099][  5]LogActorFactory: Actor Factory created SM_Pillar
[2020.03.23-19.28.12:710][777]LogActorFactory: Actor Factory created SM_Pillar
[2020.03.23-19.28.15:792][146]LogActorFactory: Actor Factory created SM_Pillar
[2020.03.23-19.29.20:463][749]LogEditorViewport: Clicking on Actor (LMB): StaticMeshActor (SM_Pillar3)
[2020.03.23-19.29.27:250][545]LogEditorViewport: Clicking on Actor (LMB): StaticMeshActor (SM_Pillar4)
[2020.03.23-19.29.49:921][222]LogEditorViewport: Clicking on Actor (LMB): StaticMeshActor (SM_Pillar9)
[2020.03.23-19.30.04:622][976]LogEditorViewport: Clicking on Actor (LMB): StaticMeshActor (SM_Pillar7)
[2020.03.23-19.30.05:605][ 91]LogEditorViewport: Clicking on Actor (LMB): StaticMeshActor (SM_Floor2)
[2020.03.23-19.30.06:388][182]LogEditorViewport: Clicking on Actor (LMB): StaticMeshActor (SM_Pillar7)
[2020.03.23-19.30.09:866][584]LogUObjectHash: Compacting FUObjectHashTables data took   1.45ms
[2020.03.23-19.30.10:057][584]LogSavePackage: Moving '../../../../../../Users/user5/Desktop/ewew/west/Saved/FirstPersonExampleMap5F7018324C637E21FFE47888C29D5F61.tmp' to '../../../../../../Users/user5/Desktop/ewew/west/Content/FirstPersonBP/Maps/FirstPersonExampleMap.umap'
[2020.03.23-19.30.10:290][584]LogSavePackage: Moving '../../../../../../Users/user5/Desktop/ewew/west/Saved/FirstPersonExampleMap_BuiltData74BE02A34E1A996C5953628D0812A11A.tmp' to '../../../../../../Users/user5/Desktop/ewew/west/Content/FirstPersonBP/Maps/FirstPersonExampleMap_BuiltData.uasset'
[2020.03.23-19.30.10:303][584]AssetCheck: New page: Asset Save: multiple assets
[2020.03.23-19.30.10:303][584]LogContentValidation: Display: Validating World /Game/FirstPersonBP/Maps/FirstPersonExampleMap.FirstPersonExampleMap
[2020.03.23-19.30.10:303][584]LogContentValidation: Display: Validating MapBuildDataRegistry /Game/FirstPersonBP/Maps/FirstPersonExampleMap_BuiltData.FirstPersonExampleMap_BuiltData
