"../../Plugins/2D/Paper2D/Content/PlaceholderTextures/DummySpriteTexture.uasset" 0
"../../Plugins/2D/Paper2D/Content/DummySpriteTexture.uasset" 1
"../../Plugins/2D/Paper2D/Content/DefaultSpriteMaterial.uasset" 2
"../../Plugins/2D/Paper2D/Content/OpaqueUnlitSpriteMaterial.uasset" 3
"../../../../Desktop/ewew/pop/Content/2dSideScroller/Textures/2DBackground.uasset" 4
"../../../../Desktop/ewew/pop/Content/2DSideScroller/Sprites/Background_Sprite.uasset" 5
"../../../../Desktop/ewew/pop/Content/2dSideScroller/Textures/2DCharacter_IdleAnimAtlas.uasset" 6
"../../../../Desktop/ewew/pop/Content/2dSideScroller/Sprites/IdleFrames/IdleCycle1.uasset" 7
"../../../../Desktop/ewew/pop/Content/2dSideScroller/Sprites/IdleFrames/IdleCycle2.uasset" 8
"../../../../Desktop/ewew/pop/Content/2dSideScroller/Sprites/IdleFrames/IdleCycle3.uasset" 9
"../../../../Desktop/ewew/pop/Content/2dSideScroller/Sprites/IdleFrames/IdleCycle4.uasset" 10
"../../../../Desktop/ewew/pop/Content/2dSideScroller/Sprites/IdleFrames/IdleCycle5.uasset" 11
"../../../../Desktop/ewew/pop/Content/2dSideScroller/Sprites/IdleFrames/IdleCycle6.uasset" 12
"../../../../Desktop/ewew/pop/Content/2dSideScroller/Sprites/IdleFrames/IdleCycle7.uasset" 13
"../../../../Desktop/ewew/pop/Content/2dSideScroller/Sprites/IdleFrames/IdleCycle8.uasset" 14
"../../../../Desktop/ewew/pop/Content/2DSideScroller/Sprites/IdleAnimation.uasset" 15
"../../../../Desktop/ewew/pop/Content/2dSideScroller/Textures/2DBackgroundBlockAtlas.uasset" 16
"../../../../Desktop/ewew/pop/Content/2DSideScroller/Sprites/Ledge.uasset" 17
"../../../../Desktop/ewew/pop/Content/2dSideScroller/Textures/2DBackgroundTile.uasset" 18
"../../../../Desktop/ewew/pop/Content/2DSideScroller/Materials/PrototypingSpriteMaterial.uasset" 19
"../../../../Desktop/ewew/pop/Content/2DSideScroller/Sprites/PrototypingSprite.uasset" 20
"../../../../Desktop/ewew/pop/Content/2dSideScroller/Textures/2DCharacter_RunAnimAtlas.uasset" 21
"../../../../Desktop/ewew/pop/Content/2dSideScroller/Sprites/RunFrames/RunCycle_1.uasset" 22
"../../../../Desktop/ewew/pop/Content/2dSideScroller/Sprites/RunFrames/RunCycle_10.uasset" 23
"../../../../Desktop/ewew/pop/Content/2dSideScroller/Sprites/RunFrames/RunCycle_11.uasset" 24
"../../../../Desktop/ewew/pop/Content/2dSideScroller/Sprites/RunFrames/RunCycle_12.uasset" 25
"../../../../Desktop/ewew/pop/Content/2dSideScroller/Sprites/RunFrames/RunCycle_13.uasset" 26
"../../../../Desktop/ewew/pop/Content/2dSideScroller/Sprites/RunFrames/RunCycle_14.uasset" 27
"../../../../Desktop/ewew/pop/Content/2dSideScroller/Sprites/RunFrames/RunCycle_15.uasset" 28
"../../../../Desktop/ewew/pop/Content/2dSideScroller/Sprites/RunFrames/RunCycle_16.uasset" 29
"../../../../Desktop/ewew/pop/Content/2dSideScroller/Sprites/RunFrames/RunCycle_2.uasset" 30
"../../../../Desktop/ewew/pop/Content/2dSideScroller/Sprites/RunFrames/RunCycle_3.uasset" 31
"../../../../Desktop/ewew/pop/Content/2dSideScroller/Sprites/RunFrames/RunCycle_4.uasset" 32
"../../../../Desktop/ewew/pop/Content/2dSideScroller/Sprites/RunFrames/RunCycle_5.uasset" 33
"../../../../Desktop/ewew/pop/Content/2dSideScroller/Sprites/RunFrames/RunCycle_6.uasset" 34
"../../../../Desktop/ewew/pop/Content/2dSideScroller/Sprites/RunFrames/RunCycle_7.uasset" 35
"../../../../Desktop/ewew/pop/Content/2dSideScroller/Sprites/RunFrames/RunCycle_8.uasset" 36
"../../../../Desktop/ewew/pop/Content/2dSideScroller/Sprites/RunFrames/RunCycle_9.uasset" 37
"../../../../Desktop/ewew/pop/Content/2DSideScroller/Sprites/RunningAnimation.uasset" 38
"../../../../Desktop/ewew/pop/Content/2DSideScrollerBP/2DSideScrollerOverview.uasset" 39
"../../../../Desktop/ewew/pop/Content/2DSideScrollerBP/Maps/buildings-bg.uasset" 40
"../../../../Desktop/ewew/pop/Content/2DSideScrollerBP/Maps/near-buildings-bg.uasset" 41
"../../../../Desktop/ewew/pop/Content/2DSideScrollerBP/Maps/skyline-a.uasset" 42
"../../../../Desktop/ewew/pop/Content/2DSideScrollerBP/Maps/skyline-b.uasset" 43
"../../../../Desktop/ewew/pop/Content/2DSideScrollerBP/Maps/skyline-b_Sprite.uasset" 44
"../../../../Desktop/ewew/pop/Content/2DSideScrollerBP/Maps/tileset_Sprite_0.uasset" 45
"../../../../Desktop/ewew/pop/Content/2DSideScrollerBP/Maps/tileset_Sprite_1.uasset" 46
"../../../../Desktop/ewew/pop/Content/2DSideScrollerBP/Maps/tileset_Sprite_10.uasset" 47
"../../../../Desktop/ewew/pop/Content/2DSideScrollerBP/Maps/tileset_Sprite_11.uasset" 48
"../../../../Desktop/ewew/pop/Content/2DSideScrollerBP/Maps/tileset_Sprite_12.uasset" 49
"../../../../Desktop/ewew/pop/Content/2DSideScrollerBP/Maps/tileset_Sprite_13.uasset" 50
"../../../../Desktop/ewew/pop/Content/2DSideScrollerBP/Maps/tileset_Sprite_14.uasset" 51
"../../../../Desktop/ewew/pop/Content/2DSideScrollerBP/Maps/tileset_Sprite_15.uasset" 52
"../../../../Desktop/ewew/pop/Content/2DSideScrollerBP/Maps/tileset_Sprite_16.uasset" 53
"../../../../Desktop/ewew/pop/Content/2DSideScrollerBP/Maps/tileset_Sprite_18.uasset" 54
"../../../../Desktop/ewew/pop/Content/2DSideScrollerBP/Maps/tileset_Sprite_19.uasset" 55
"../../../../Desktop/ewew/pop/Content/2DSideScrollerBP/Maps/tileset_Sprite_2.uasset" 56
"../../../../Desktop/ewew/pop/Content/2DSideScrollerBP/Maps/tileset_Sprite_3.uasset" 57
"../../../../Desktop/ewew/pop/Content/2DSideScrollerBP/Maps/tileset_Sprite_4.uasset" 58
"../../../../Desktop/ewew/pop/Content/2DSideScrollerBP/Maps/tileset_Sprite_5.uasset" 59
"../../../../Desktop/ewew/pop/Content/2DSideScrollerBP/Maps/tileset_Sprite_6.uasset" 60
"../../../../Desktop/ewew/pop/Content/2DSideScrollerBP/Maps/tileset_Sprite_7.uasset" 61
"../../../../Desktop/ewew/pop/Content/2DSideScrollerBP/Maps/tileset_Sprite_8.uasset" 62
"../../../../Desktop/ewew/pop/Content/2DSideScrollerBP/Maps/tileset_Sprite_9.uasset" 63
"../../../../Desktop/ewew/pop/Content/2DSideScrollerBP/Maps/Title.uasset" 64
"../../../../Desktop/ewew/pop/Content/2DSideScrollerBP/Sprites/idle-1.uasset" 65
"../../../../Desktop/ewew/pop/Content/2DSideScrollerBP/Sprites/idle-2.uasset" 66
"../../../../Desktop/ewew/pop/Content/2DSideScrollerBP/Sprites/idle-3.uasset" 67
"../../../../Desktop/ewew/pop/Content/2DSideScrollerBP/Sprites/idle-4.uasset" 68
"../../../../Desktop/ewew/pop/Content/2DSideScrollerBP/Sprites/jump-1.uasset" 69
"../../../../Desktop/ewew/pop/Content/2DSideScrollerBP/Sprites/jump-2.uasset" 70
"../../../../Desktop/ewew/pop/Content/2DSideScrollerBP/Sprites/jump-3.uasset" 71
"../../../../Desktop/ewew/pop/Content/2DSideScrollerBP/Sprites/run-1.uasset" 72
"../../../../Desktop/ewew/pop/Content/2DSideScrollerBP/Sprites/run-2.uasset" 73
"../../../../Desktop/ewew/pop/Content/2DSideScrollerBP/Sprites/run-3.uasset" 74
"../../../../Desktop/ewew/pop/Content/2DSideScrollerBP/Sprites/run-4.uasset" 75
"../../../../Desktop/ewew/pop/Content/2DSideScrollerBP/Sprites/run-5.uasset" 76
"../../../../Desktop/ewew/pop/Content/2DSideScrollerBP/Sprites/run-6.uasset" 77
"../../../../Desktop/ewew/pop/Content/2DSideScrollerBP/Sprites/run-7.uasset" 78
"../../../../Desktop/ewew/pop/Content/2DSideScrollerBP/Sprites/run-8.uasset" 79
"../../../Engine/Content/Animation/DefaultAnimCurveCompressionSettings.uasset" 80
"../../../Engine/Content/Functions/Engine_MaterialFunctions01/Opacity/CameraDepthFade.uasset" 81
"../../../Engine/Content/EngineMaterials/T_Default_Material_Grid_M.uasset" 82
"../../../Engine/Content/EngineMaterials/T_Default_Material_Grid_N.uasset" 83
"../../../Engine/Content/EngineMaterials/WorldGridMaterial.uasset" 84
"../../../Engine/Content/ArtTools/RenderToTexture/Meshes/S_1_Unit_Plane.uasset" 85
"../../../Engine/Content/EngineMaterials/DefaultMaterial.uasset" 86
"../../../Engine/Content/BasicShapes/Cone.uasset" 87
"../../../Engine/Content/BasicShapes/Cube.uasset" 88
"../../../Engine/Content/BasicShapes/Cylinder.uasset" 89
"../../../Engine/Content/BasicShapes/Plane.uasset" 90
"../../../Engine/Content/BasicShapes/Sphere.uasset" 91
"../../../Engine/Content/EditorLandscapeResources/DataLayer.uasset" 92
"../../../Engine/Content/EditorMaterials/MAT_Groups_Toggle.uasset" 93
"../../../Engine/Content/EditorMaterials/MAT_Groups_Visibility.uasset" 94
"../../../Engine/Content/EditorMaterials/PreviewShadowIndicator.uasset" 95
"../../../Engine/Content/EditorMaterials/PreviewShadowIndicatorMaterial.uasset" 96
"../../../Engine/Content/EditorMaterials/MatineeGroups/MAT_ColorTrack.uasset" 97
"../../../Engine/Content/EditorMaterials/MatineeGroups/MAT_Groups_Anim.uasset" 98
"../../../Engine/Content/EditorMaterials/MatineeGroups/MAT_Groups_AudioMaster.uasset" 99
"../../../Engine/Content/EditorMaterials/MatineeGroups/MAT_Groups_Director.uasset" 100
"../../../Engine/Content/EditorMaterials/MatineeGroups/MAT_Groups_Event.uasset" 101
"../../../Engine/Content/EditorMaterials/MatineeGroups/MAT_Groups_Fade.uasset" 102
"../../../Engine/Content/EditorMaterials/MatineeGroups/MAT_Groups_Float.uasset" 103
"../../../Engine/Content/EditorMaterials/MatineeGroups/MAT_Groups_Move.uasset" 104
"../../../Engine/Content/EditorMaterials/MatineeGroups/MAT_Groups_Slomo.uasset" 105
"../../../Engine/Content/EditorMaterials/MatineeGroups/MAT_Groups_Sound.uasset" 106
"../../../Engine/Content/EditorMaterials/MatineeGroups/MAT_Groups_Vector.uasset" 107
"../../../Engine/Content/EditorMaterials/ParticleSystems/PSysThumbnail_NoImage.uasset" 108
"../../../Engine/Content/EditorMaterials/ParticleSystems/PSysThumbnail_OOD.uasset" 109
"../../../Engine/Content/EditorMaterials/Camera/CineMat.uasset" 110
"../../../Engine/Content/EditorMaterials/Camera/MI_CineMat_Rig.uasset" 111
"../../../Engine/Content/EditorMeshes/Camera/SM_CraneRig_Arm.uasset" 112
"../../../Engine/Content/EditorMeshes/Camera/SM_CraneRig_Base.uasset" 113
"../../../Engine/Content/EditorMeshes/Camera/SM_CraneRig_Body.uasset" 114
"../../../Engine/Content/EditorMeshes/Camera/SM_CraneRig_Mount.uasset" 115
"../../../Engine/Content/EditorMeshes/Camera/SM_RailRig_Mount.uasset" 116
"../../../Engine/Content/EditorMeshes/Camera/SM_RailRig_Track.uasset" 117
"../../../Engine/Content/EditorResources/BSPVertex.uasset" 118
"../../../Engine/Content/EditorResources/EmptyActor.uasset" 119
"../../../Engine/Content/EditorResources/S_Actor.uasset" 120
"../../../Engine/Content/EditorResources/S_Note.uasset" 121
"../../../Engine/Content/EditorResources/S_Solver.uasset" 122
"../../../Engine/Content/EditorResources/S_Trigger.uasset" 123
"../../../Engine/Content/EditorResources/AudioIcons/S_AudioComponent_AutoActivate.uasset" 124
"../../../Engine/Content/EditorResources/SequenceRecorder/Countdown.uasset" 125
"../../../Engine/Content/EditorResources/SequenceRecorder/RecordingIndicator.uasset" 126
"../../../Engine/Content/EditorSounds/Notifications/CompileFailed.uasset" 127
"../../../Engine/Content/EditorSounds/Notifications/CompileFailed_Cue.uasset" 128
"../../../Engine/Content/EditorSounds/Notifications/CompileSuccess.uasset" 129
"../../../Engine/Content/EditorSounds/Notifications/CompileStart_Cue.uasset" 130
"../../../Engine/Content/EditorSounds/Notifications/CompileSuccess_Cue.uasset" 131
"../../../Engine/Content/EngineDamageTypes/DmgTypeBP_Environmental.uasset" 132
"../../../Engine/Content/EngineDebugMaterials/DebugEditorMaterial.uasset" 133
"../../../Engine/Content/EngineDebugMaterials/DebugMeshMaterial.uasset" 134
"../../../Engine/Content/EngineDebugMaterials/M_SimpleTranslucent.uasset" 135
"../../../Engine/Content/Functions/Engine_MaterialFunctions02/Utility/CameraDirectionVector.uasset" 136
"../../../Engine/Content/EngineDebugMaterials/VolumeToRender.uasset" 137
"../../../Engine/Content/EngineDebugMaterials/M_VolumeRenderSphereTracePP.uasset" 138
"../../../Engine/Content/EngineDebugMaterials/WireframeMaterial.uasset" 139
"../../../Engine/Content/EngineFonts/Faces/DroidSansFallback.uasset" 140
"../../../Engine/Content/EngineFonts/Faces/RobotoBold.uasset" 141
"../../../Engine/Content/EngineFonts/Faces/RobotoBoldItalic.uasset" 142
"../../../Engine/Content/EngineFonts/Faces/RobotoItalic.uasset" 143
"../../../Engine/Content/EngineFonts/Faces/RobotoLight.uasset" 144
"../../../Engine/Content/EngineFonts/Faces/RobotoRegular.uasset" 145
"../../../Engine/Content/EngineFonts/Roboto.uasset" 146
"../../../Engine/Content/EngineMaterials/BaseFlattenDiffuseMap.uasset" 147
"../../../Engine/Content/EngineMaterials/BaseFlattenEmissiveMap.uasset" 148
"../../../Engine/Content/EngineMaterials/BaseFlattenGrayscaleMap.uasset" 149
"../../../Engine/Content/EngineMaterials/BaseFlattenNormalMap.uasset" 150
"../../../Engine/Content/EngineMaterials/BaseFlattenMaterial.uasset" 151
"../../../Engine/Content/EngineMaterials/BlueNoise.uasset" 152
"../../../Engine/Content/EngineMaterials/DefaultBloomKernel.uasset" 153
"../../../Engine/Content/EngineMaterials/DefaultBokeh.uasset" 154
"../../../Engine/Content/EngineMaterials/DefaultDiffuse.uasset" 155
"../../../Engine/Content/EngineMaterials/DefaultDeferredDecalMaterial.uasset" 156
"../../../Engine/Content/EngineMaterials/DefaultLightFunctionMaterial.uasset" 157
"../../../Engine/Content/EngineMaterials/DefaultPhysicalMaterial.uasset" 158
"../../../Engine/Content/Functions/Engine_MaterialFunctions02/Utility/BreakOutFloat2Components.uasset" 159
"../../../Engine/Content/EngineMaterials/DefaultPostProcessMaterial.uasset" 160
"../../../Engine/Content/EngineFonts/RobotoDistanceField.uasset" 161
"../../../Engine/Content/EngineMaterials/DefaultTextMaterialOpaque.uasset" 162
"../../../Engine/Content/EngineMaterials/DefaultVirtualTextureMaterial.uasset" 163
"../../../Engine/Content/EngineMaterials/DefaultWhiteGrid.uasset" 164
"../../../Engine/Content/EngineMaterials/DefaultWhiteGrid_Low.uasset" 165
"../../../Engine/Content/EngineMaterials/EmissiveMeshMaterial.uasset" 166
"../../../Engine/Content/EngineMaterials/GizmoMaterial.uasset" 167
"../../../Engine/Content/EngineMaterials/Good64x64TilingNoiseHighFreq.uasset" 168
"../../../Engine/Content/EngineMaterials/HairDefaultMaterial.uasset" 169
"../../../Engine/Content/EngineMaterials/MiniFont.uasset" 170
"../../../Engine/Content/EngineMaterials/InvalidLightmapSettings.uasset" 171
"../../../Engine/Content/EngineMaterials/M_InvalidLightmapSettings.uasset" 172
"../../../Engine/Content/Functions/Engine_MaterialFunctions02/WorldPositionOffset/CameraOffset.uasset" 173
"../../../Engine/Content/EngineMaterials/PhAT_JointLimitMaterial.uasset" 174
"../../../Engine/Content/EngineMaterials/PreintegratedSkinBRDF.uasset" 175
"../../../Engine/Content/EngineMaterials/RemoveSurfaceMaterial.uasset" 176
"../../../Engine/Content/EngineMaterials/WeightMapPlaceholderTexture.uasset" 177
"../../../Engine/Content/EngineResources/WhiteSquareTexture.uasset" 178
"../../../Engine/Content/EngineMaterials/Widget3DPassThrough.uasset" 179
"../../../Engine/Content/EngineMaterials/Widget3DPassThrough_Masked.uasset" 180
"../../../Engine/Content/EngineMaterials/Widget3DPassThrough_Opaque.uasset" 181
"../../../Engine/Content/EngineMaterials/Widget3DPassThrough_Masked_OneSided.uasset" 182
"../../../Engine/Content/EngineMaterials/Widget3DPassThrough_Opaque_OneSided.uasset" 183
"../../../Engine/Content/EngineMaterials/Widget3DPassThrough_Translucent.uasset" 184
"../../../Engine/Content/EngineMaterials/Widget3DPassThrough_Translucent_OneSided.uasset" 185
"../../../Engine/Content/EngineMeshes/Cylinder.uasset" 186
"../../../Engine/Content/EngineMeshes/Sphere.uasset" 187
"../../../Engine/Content/EngineResources/Black.uasset" 188
"../../../Engine/Content/EngineResources/DefaultTexture.uasset" 189
"../../../Engine/Content/EngineResources/DefaultTextureCube.uasset" 190
"../../../Engine/Content/EngineResources/DefaultVolumeTexture2D.uasset" 191
"../../../Engine/Content/EngineResources/DefaultVolumeTexture.uasset" 192
"../../../Engine/Content/EngineResources/GradientTexture0.uasset" 193
"../../../Engine/Content/EngineSounds/Master.uasset" 194
"../../../Engine/Content/Functions/Engine_MaterialFunctions01/Shading/ConvertFromDiffSpec.uasset" 195
"../../../Engine/Content/Functions/Engine_MaterialFunctions01/Shading/PowerToRoughness.uasset" 196
"../../../Engine/Content/Maps/Templates/Thumbnails/Default.uasset" 197
"../../../Engine/Content/Maps/Templates/Thumbnails/TimeOfDay.uasset" 198
"../../../Engine/Content/Maps/Templates/Thumbnails/VR-Basic.uasset" 199
"../../../Engine/Content/MobileResources/T_MobileControls_texture.uasset" 200
"../../../Engine/Content/MobileResources/T_MobileMenu2.uasset" 201
"../../../Engine/Content/MobileResources/HUD/AnalogHat.uasset" 202
"../../../Engine/Content/MobileResources/HUD/VirtualJoystick_Background.uasset" 203
"../../../Engine/Content/MobileResources/HUD/VirtualJoystick_Thumb.uasset" 204
"../../../Engine/Content/MobileResources/HUD/DefaultVirtualJoysticks.uasset" 205
"../../../Engine/Content/MobileResources/HUD/LeftVirtualJoystickOnly.uasset" 206
"../../../Engine/Content/MobileResources/HUD/MobileHUDButton1_off.uasset" 207
"../../../Engine/Content/MobileResources/HUD/MobileHUDButton1_on.uasset" 208
"../../../Engine/Content/MobileResources/HUD/MobileHUDButton2_off.uasset" 209
"../../../Engine/Content/MobileResources/HUD/MobileHUDButton2_on.uasset" 210
"../../../Engine/Content/MobileResources/HUD/MobileHUDButton3.uasset" 211
"../../../Engine/Content/MobileResources/HUD/MobileHUDButtonFire.uasset" 212
"../../../Engine/Content/MobileResources/HUD/MobileHUDDirectionPad.uasset" 213
"../../../Engine/Content/MobileResources/HUD/MobileHUDDirectionPad2.uasset" 214
"../../../Engine/Content/MobileResources/HUD/MobileHUDDirectionPad3.uasset" 215
"../../../Engine/Content/MobileResources/HUD/MobileHUDDirectionStick.uasset" 216
"../../../Engine/Content/MobileResources/HUD/T_Castle_ThumbstickInner.uasset" 217
"../../../Engine/Content/MobileResources/HUD/T_Castle_ThumbstickOutter.uasset" 218
"../../../Engine/Content/Tutorial/ContentIntroCurve.uasset" 219
"../../../Engine/Content/Tutorial/Basics/LevelEditorAttract.uasset" 220
"../../../Engine/Content/VREditor/LaserPointer/VR_LaserPower_01.uasset" 221
"../../../Engine/Content/VREditor/TransformGizmo/TransformGizmoMaterial.uasset" 222
"../../../Engine/Content/VREditor/TransformGizmo/TranslucentTransformGizmoMaterial.uasset" 223
"../../../Engine/Content/VREditor/TransformGizmo/BoundingBoxCorner.uasset" 224
"../../../Engine/Content/VREditor/TransformGizmo/BoundingBoxEdge.uasset" 225
"../../../Engine/Content/VREditor/TransformGizmo/PlaneTranslationHandle.uasset" 226
"../../../Engine/Content/VREditor/TransformGizmo/Main.uasset" 227
"../../../Engine/Content/VREditor/TransformGizmo/Xray.uasset" 228
"../../../Engine/Content/VREditor/TransformGizmo/SM_Sequencer_Key.uasset" 229
"../../../Engine/Content/VREditor/TransformGizmo/SM_Sequencer_Node.uasset" 230
"../../Plugins/2D/Paper2D/Content/DummySprite.uasset" 231
"../../Plugins/2D/Paper2D/Content/DefaultPaperTerrainMaterial.uasset" 232
"../../Plugins/2D/Paper2D/Content/MaskedUnlitSpriteMaterial.uasset" 233
"../../../Engine/Content/Functions/Engine_MaterialFunctions02/Utility/BreakOutFloat4Components.uasset" 234
"../../../Engine/Content/Functions/Engine_MaterialFunctions02/Utility/MakeFloat2.uasset" 235
"../../../Engine/Content/Functions/Engine_MaterialFunctions02/Utility/MakeFloat3.uasset" 236
"../../Plugins/Runtime/Oculus/OculusVR/Content/Materials/OculusMR_ChromaKey.uasset" 237
"../../Plugins/Runtime/Oculus/OculusVR/Content/Materials/OculusMR_ChromaKey_Lit.uasset" 238
"../../Plugins/Runtime/Oculus/OculusVR/Content/Materials/OculusMR_OpaqueColoredMaterial.uasset" 239
"../../Plugins/Runtime/Oculus/OculusVR/Content/Materials/OculusMR_WhiteMaterial.uasset" 240
"../../../../Desktop/ewew/pop/Content/2DSideScrollerBP/Maps/Title_Sprite.uasset" 241
"../../../../Desktop/ewew/pop/Content/2DSideScrollerBP/Blueprints/MainMenu.uasset" 242
"../../../../Desktop/ewew/pop/Content/2DSideScrollerBP/Maps/MainMenu.umap" 243
"../../../Engine/Content/EditorBlueprintResources/StandardMacros.uasset" 244
"../../../../Desktop/ewew/pop/Content/2DSideScrollerBP/Blueprints/Anim_States.uasset" 245
"../../../../Desktop/ewew/pop/Content/2DSideScrollerBP/Sprites/idle-1_Sprite.uasset" 246
"../../../../Desktop/ewew/pop/Content/2DSideScrollerBP/Sprites/idle-2_Sprite.uasset" 247
"../../../../Desktop/ewew/pop/Content/2DSideScrollerBP/Sprites/idle-3_Sprite.uasset" 248
"../../../../Desktop/ewew/pop/Content/2DSideScrollerBP/Sprites/idle-4_Sprite.uasset" 249
"../../../../Desktop/ewew/pop/Content/2DSideScrollerBP/Sprites/idle.uasset" 250
"../../../../Desktop/ewew/pop/Content/2DSideScrollerBP/Sprites/jump-1_Sprite.uasset" 251
"../../../../Desktop/ewew/pop/Content/2DSideScrollerBP/Sprites/jump-2_Sprite.uasset" 252
"../../../../Desktop/ewew/pop/Content/2DSideScrollerBP/Sprites/jump-3_Sprite.uasset" 253
"../../../../Desktop/ewew/pop/Content/2DSideScrollerBP/Sprites/jump.uasset" 254
"../../../../Desktop/ewew/pop/Content/2DSideScrollerBP/Sprites/run-1_Sprite.uasset" 255
"../../../../Desktop/ewew/pop/Content/2DSideScrollerBP/Sprites/run-2_Sprite.uasset" 256
"../../../../Desktop/ewew/pop/Content/2DSideScrollerBP/Sprites/run-3_Sprite.uasset" 257
"../../../../Desktop/ewew/pop/Content/2DSideScrollerBP/Sprites/run-4_Sprite.uasset" 258
"../../../../Desktop/ewew/pop/Content/2DSideScrollerBP/Sprites/run-5_Sprite.uasset" 259
"../../../../Desktop/ewew/pop/Content/2DSideScrollerBP/Sprites/run-6_Sprite.uasset" 260
"../../../../Desktop/ewew/pop/Content/2DSideScrollerBP/Sprites/run-7_Sprite.uasset" 261
"../../../../Desktop/ewew/pop/Content/2DSideScrollerBP/Sprites/run-8_Sprite.uasset" 262
"../../../../Desktop/ewew/pop/Content/2DSideScrollerBP/Sprites/run.uasset" 263
"../../../../Desktop/ewew/pop/Content/2DSideScrollerBP/Blueprints/2DSideScrollerCharacter.uasset" 264
"../../../../Desktop/ewew/pop/Content/2DSideScrollerBP/Blueprints/Superhud.uasset" 265
"../../../../Desktop/ewew/pop/Content/2DSideScrollerBP/Blueprints/NewBlueprint.uasset" 266
"../../../../Desktop/ewew/pop/Content/2DSideScrollerBP/Blueprints/2DSideScrollerGameMode.uasset" 267
"../../../../Desktop/ewew/pop/Content/2DSideScrollerBP/Maps/tileset_Sprite_17.uasset" 268
"../../../../Desktop/ewew/pop/Content/2DSideScrollerBP/Blueprints/Platz.uasset" 269
"../../../../Desktop/ewew/pop/Content/2DSideScrollerBP/Maps/World_BuiltData.uasset" 270
"../../../../Desktop/ewew/pop/Content/2DSideScrollerBP/Blueprints/digital_concepts_proud_music_preview.uasset" 271
"../../../../Desktop/ewew/pop/Content/2DSideScrollerBP/Blueprints/digital_concepts_proud_music_preview_Cue.uasset" 272
"../../../../Desktop/ewew/pop/Content/2DSideScrollerBP/Maps/buildings-bg_Sprite.uasset" 273
"../../../../Desktop/ewew/pop/Content/2DSideScrollerBP/Maps/near-buildings-bg_Sprite.uasset" 274
"../../../../Desktop/ewew/pop/Content/2DSideScrollerBP/Maps/skyline-a_Sprite.uasset" 275
"../../../../Desktop/ewew/pop/Content/2DSideScrollerBP/Maps/tileset.uasset" 276
"../../../../Desktop/ewew/pop/Content/2DSideScrollerBP/Maps/tileset_TileSet.uasset" 277
"../../../../Desktop/ewew/pop/Content/2DSideScrollerBP/Maps/tileset_TileMap.uasset" 278
"../../../../Desktop/ewew/pop/Content/2DSideScrollerBP/Maps/World.umap" 279
"../../../Engine/Content/Maps/Entry_BuiltData.uasset" 280
"../../../Engine/Content/Maps/Entry.umap" 281
